<?xml version="1.0" encoding="UTF-8"?>
<!-- Generated by org.testng.reporters.JUnitXMLReporter -->
<testsuite ignored="24" hostname="DESKTOP-T6L47BI" failures="1" tests="3" name="Test" time="79.094" errors="0" timestamp="2024-12-24T17:43:29 IST">
  <testcase classname="live_functions.AAA_testClass_delete" name="userDetails" time="0.005"/>
  <testcase classname="live_functions.AAA_testClass_delete" name="deleteVehicleUser" time="48.55">
    <failure type="org.openqa.selenium.NoSuchElementException" message="no such element: Unable to locate element: {&amp;quot;method&amp;quot;:&amp;quot;xpath&amp;quot;,&amp;quot;selector&amp;quot;:&amp;quot;(//i[@class=&amp;quot;fa fa-trash-o&amp;quot;])[1]&amp;quot;}
  (Session info: chrome=131.0.6778.205)
For documentation on this error, please visit: https://www.selenium.dev/documentation/webdriver/troubleshooting/errors#no-such-element-exception
Build info: version: &amp;apos;4.17.0&amp;apos;, revision: &amp;apos;e52b1be057*&amp;apos;
System info: os.name: &amp;apos;Windows 11&amp;apos;, os.arch: &amp;apos;amd64&amp;apos;, os.version: &amp;apos;10.0&amp;apos;, java.version: &amp;apos;17.0.9&amp;apos;
Driver info: org.openqa.selenium.chrome.ChromeDriver
Command: [7fbb98ed0741635ca579bb191c61f986, findElement {value=(//i[@class=&amp;quot;fa fa-trash-o&amp;quot;])[1], using=xpath}]
Capabilities {acceptInsecureCerts: false, browserName: chrome, browserVersion: 131.0.6778.205, chrome: {chromedriverVersion: 131.0.6778.204 (52183f9e99a..., userDataDir: C:\Users\BHUPESH\AppData\Lo...}, fedcm:accounts: true, goog:chromeOptions: {debuggerAddress: localhost:63192}, networkConnectionEnabled: false, pageLoadStrategy: normal, platformName: windows, proxy: Proxy(), se:cdp: ws://localhost:63192/devtoo..., se:cdpVersion: 131.0.6778.205, setWindowRect: true, strictFileInteractability: false, timeouts: {implicit: 0, pageLoad: 300000, script: 30000}, unhandledPromptBehavior: dismiss and notify, webauthn:extension:credBlob: true, webauthn:extension:largeBlob: true, webauthn:extension:minPinLength: true, webauthn:extension:prf: true, webauthn:virtualAuthenticators: true}
Session ID: 7fbb98ed0741635ca579bb191c61f986">
      <![CDATA[org.openqa.selenium.NoSuchElementException: no such element: Unable to locate element: {"method":"xpath","selector":"(//i[@class="fa fa-trash-o"])[1]"}
  (Session info: chrome=131.0.6778.205)
For documentation on this error, please visit: https://www.selenium.dev/documentation/webdriver/troubleshooting/errors#no-such-element-exception
Build info: version: '4.17.0', revision: 'e52b1be057*'
System info: os.name: 'Windows 11', os.arch: 'amd64', os.version: '10.0', java.version: '17.0.9'
Driver info: org.openqa.selenium.chrome.ChromeDriver
Command: [7fbb98ed0741635ca579bb191c61f986, findElement {value=(//i[@class="fa fa-trash-o"])[1], using=xpath}]
Capabilities {acceptInsecureCerts: false, browserName: chrome, browserVersion: 131.0.6778.205, chrome: {chromedriverVersion: 131.0.6778.204 (52183f9e99a..., userDataDir: C:\Users\BHUPESH\AppData\Lo...}, fedcm:accounts: true, goog:chromeOptions: {debuggerAddress: localhost:63192}, networkConnectionEnabled: false, pageLoadStrategy: normal, platformName: windows, proxy: Proxy(), se:cdp: ws://localhost:63192/devtoo..., se:cdpVersion: 131.0.6778.205, setWindowRect: true, strictFileInteractability: false, timeouts: {implicit: 0, pageLoad: 300000, script: 30000}, unhandledPromptBehavior: dismiss and notify, webauthn:extension:credBlob: true, webauthn:extension:largeBlob: true, webauthn:extension:minPinLength: true, webauthn:extension:prf: true, webauthn:virtualAuthenticators: true}
Session ID: 7fbb98ed0741635ca579bb191c61f986
at org.openqa.selenium.remote.codec.w3c.W3CHttpResponseCodec.createException(W3CHttpResponseCodec.java:185)
at org.openqa.selenium.remote.codec.w3c.W3CHttpResponseCodec.decode(W3CHttpResponseCodec.java:134)
at org.openqa.selenium.remote.codec.w3c.W3CHttpResponseCodec.decode(W3CHttpResponseCodec.java:51)
at org.openqa.selenium.remote.HttpCommandExecutor.execute(HttpCommandExecutor.java:190)
at org.openqa.selenium.remote.service.DriverCommandExecutor.invokeExecute(DriverCommandExecutor.java:216)
at org.openqa.selenium.remote.service.DriverCommandExecutor.execute(DriverCommandExecutor.java:174)
at org.openqa.selenium.remote.RemoteWebDriver.execute(RemoteWebDriver.java:519)
at org.openqa.selenium.remote.ElementLocation$ElementFinder$2.findElement(ElementLocation.java:165)
at org.openqa.selenium.remote.ElementLocation.findElement(ElementLocation.java:59)
at org.openqa.selenium.remote.RemoteWebDriver.findElement(RemoteWebDriver.java:356)
at org.openqa.selenium.remote.RemoteWebDriver.findElement(RemoteWebDriver.java:350)
at org.openqa.selenium.support.pagefactory.DefaultElementLocator.findElement(DefaultElementLocator.java:68)
at org.openqa.selenium.support.pagefactory.internal.LocatingElementHandler.invoke(LocatingElementHandler.java:38)
at jdk.proxy2/jdk.proxy2.$Proxy14.click(Unknown Source)
at live_functions.p_vehicleUser.deleteVehicleUser(p_vehicleUser.java:272)
at live_functions.AAA_testClass_delete.deleteVehicleUser(AAA_testClass_delete.java:270)
at java.base/java.util.ArrayList.forEach(ArrayList.java:1511)
... Removed 32 stack frames]]>
    </failure>
  </testcase> <!-- deleteVehicleUser -->
  <testcase classname="live_functions.AAA_testClass_delete" name="detailsAboutScript" time="0.001"/>
  <testcase classname="live_functions.AAA_testClass_delete" name="deactiveTestAlarmFromOverview" time="0.0">
    <ignored/>
  </testcase> <!-- deactiveTestAlarmFromOverview -->
  <testcase classname="live_functions.AAA_testClass_delete" name="deleteTestAlarmFromOverview" time="0.0">
    <ignored/>
  </testcase> <!-- deleteTestAlarmFromOverview -->
  <testcase classname="live_functions.AAA_testClass_delete" name="deleteEventCategory" time="0.0">
    <ignored/>
  </testcase> <!-- deleteEventCategory -->
  <testcase classname="live_functions.AAA_testClass_delete" name="deleteTestAlarmFromList" time="0.0">
    <ignored/>
  </testcase> <!-- deleteTestAlarmFromList -->
  <testcase classname="live_functions.AAA_testClass_delete" name="deactiveManualAlarm" time="0.0">
    <ignored/>
  </testcase> <!-- deactiveManualAlarm -->
  <testcase classname="live_functions.AAA_testClass_delete" name="deleteARFromHistory" time="0.0">
    <ignored/>
  </testcase> <!-- deleteARFromHistory -->
  <testcase classname="live_functions.AAA_testClass_delete" name="deleteInfoEvent" time="0.0">
    <ignored/>
  </testcase> <!-- deleteInfoEvent -->
  <testcase classname="live_functions.AAA_testClass_delete" name="deleteResource" time="0.0">
    <ignored/>
  </testcase> <!-- deleteResource -->
  <testcase classname="live_functions.AAA_testClass_delete" name="deleteTestAlarmFromOverview_monthly" time="0.0">
    <ignored/>
  </testcase> <!-- deleteTestAlarmFromOverview_monthly -->
  <testcase classname="live_functions.AAA_testClass_delete" name="deleteMonitorUser" time="0.0">
    <ignored/>
  </testcase> <!-- deleteMonitorUser -->
  <testcase classname="live_functions.AAA_testClass_delete" name="deleteManualAlarm" time="0.0">
    <ignored/>
  </testcase> <!-- deleteManualAlarm -->
  <testcase classname="live_functions.AAA_testClass_delete" name="deleteFireStation" time="0.0">
    <ignored/>
  </testcase> <!-- deleteFireStation -->
  <testcase classname="live_functions.AAA_testClass_delete" name="deleteUers" time="0.0">
    <ignored/>
  </testcase> <!-- deleteUers -->
  <testcase classname="live_functions.AAA_testClass_delete" name="deleteChatGroup" time="0.0">
    <ignored/>
  </testcase> <!-- deleteChatGroup -->
  <testcase classname="live_functions.AAA_testClass_delete" name="deleteCalendarEventCreatedByFirefighter" time="0.0">
    <ignored/>
  </testcase> <!-- deleteCalendarEventCreatedByFirefighter -->
  <testcase classname="live_functions.AAA_testClass_delete" name="deleteAllManualAlarm" time="0.0">
    <ignored/>
  </testcase> <!-- deleteAllManualAlarm -->
  <testcase classname="live_functions.AAA_testClass_delete" name="deleteAlarmLoop" time="0.0">
    <ignored/>
  </testcase> <!-- deleteAlarmLoop -->
  <testcase classname="live_functions.AAA_testClass_delete" name="deleteCalendarEventCreatedByAttribute" time="0.0">
    <ignored/>
  </testcase> <!-- deleteCalendarEventCreatedByAttribute -->
  <testcase classname="live_functions.AAA_testClass_delete" name="deleteCalendarEventCreatedByResource" time="0.0">
    <ignored/>
  </testcase> <!-- deleteCalendarEventCreatedByResource -->
  <testcase classname="live_functions.AAA_testClass_delete" name="deleteCheckList" time="0.0">
    <ignored/>
  </testcase> <!-- deleteCheckList -->
  <testcase classname="live_functions.AAA_testClass_delete" name="deleteARFromList" time="0.0">
    <ignored/>
  </testcase> <!-- deleteARFromList -->
  <testcase classname="live_functions.AAA_testClass_delete" name="deleteAttribute" time="0.0">
    <ignored/>
  </testcase> <!-- deleteAttribute -->
  <testcase classname="live_functions.AAA_testClass_delete" name="deletePermissionGroup" time="0.0">
    <ignored/>
  </testcase> <!-- deletePermissionGroup -->
  <testcase classname="live_functions.AAA_testClass_delete" name="deleteAlarmTemplate" time="0.0">
    <ignored/>
  </testcase> <!-- deleteAlarmTemplate -->
</testsuite> <!-- Test -->
