<?xml version="1.0" encoding="UTF-8"?>
<!-- Generated by org.testng.reporters.JUnitXMLReporter -->
<testsuite ignored="2" hostname="DESKTOP-T6L47BI" failures="0" tests="23" name="Test" time="29.686" errors="0" timestamp="2024-11-29T11:13:46 IST">
  <testcase classname="live_functions.AAA_testClass_delete" name="@AfterMethod backToHomePage2" time="0.023">
    <failure type="org.openqa.selenium.NoSuchElementException" message="Unable to find element with locator By.xpath: //img[@src=&amp;quot;/img/logoicon.png&amp;quot;]
For documentation on this error, please visit: https://www.selenium.dev/documentation/webdriver/troubleshooting/errors#no-such-element-exception
Build info: version: &amp;apos;4.17.0&amp;apos;, revision: &amp;apos;e52b1be057*&amp;apos;
System info: os.name: &amp;apos;Windows 11&amp;apos;, os.arch: &amp;apos;amd64&amp;apos;, os.version: &amp;apos;10.0&amp;apos;, java.version: &amp;apos;17.0.9&amp;apos;
Driver info: driver.version: RemoteWebDriver">
      <![CDATA[org.openqa.selenium.NoSuchElementException: Unable to find element with locator By.xpath: //img[@src="/img/logoicon.png"]
For documentation on this error, please visit: https://www.selenium.dev/documentation/webdriver/troubleshooting/errors#no-such-element-exception
Build info: version: '4.17.0', revision: 'e52b1be057*'
System info: os.name: 'Windows 11', os.arch: 'amd64', os.version: '10.0', java.version: '17.0.9'
Driver info: driver.version: RemoteWebDriver
at org.openqa.selenium.remote.ElementLocation$ElementFinder$2.findElement(ElementLocation.java:168)
at org.openqa.selenium.remote.ElementLocation.findElement(ElementLocation.java:59)
at org.openqa.selenium.remote.RemoteWebDriver.findElement(RemoteWebDriver.java:356)
at org.openqa.selenium.remote.RemoteWebDriver.findElement(RemoteWebDriver.java:350)
at org.openqa.selenium.support.pagefactory.DefaultElementLocator.findElement(DefaultElementLocator.java:68)
at org.openqa.selenium.support.pagefactory.internal.LocatingElementHandler.invoke(LocatingElementHandler.java:38)
at jdk.proxy2/jdk.proxy2.$Proxy14.click(Unknown Source)
at live_functions.D_homePage.backToHomePage(D_homePage.java:35)
at live_functions.AAA_testClass_delete.backToHomePage2(AAA_testClass_delete.java:472)
at java.base/java.util.ArrayList.forEach(ArrayList.java:1511)
... Removed 32 stack frames]]>
    </failure>
  </testcase> <!-- @AfterMethod backToHomePage2 -->
  <testcase classname="live_functions.AAA_testClass_delete" name="@BeforeMethod backToHomePage" time="0.0">
    <skipped/>
  </testcase> <!-- @BeforeMethod backToHomePage -->
  <testcase classname="live_functions.AAA_testClass_delete" name="@AfterMethod backToHomePage2" time="0.0">
    <skipped/>
  </testcase> <!-- @AfterMethod backToHomePage2 -->
  <testcase classname="live_functions.AAA_testClass_delete" name="@BeforeMethod backToHomePage" time="0.0">
    <skipped/>
  </testcase> <!-- @BeforeMethod backToHomePage -->
  <testcase classname="live_functions.AAA_testClass_delete" name="@AfterMethod backToHomePage2" time="0.0">
    <skipped/>
  </testcase> <!-- @AfterMethod backToHomePage2 -->
  <testcase classname="live_functions.AAA_testClass_delete" name="@BeforeMethod backToHomePage" time="0.0">
    <skipped/>
  </testcase> <!-- @BeforeMethod backToHomePage -->
  <testcase classname="live_functions.AAA_testClass_delete" name="@AfterMethod backToHomePage2" time="0.0">
    <skipped/>
  </testcase> <!-- @AfterMethod backToHomePage2 -->
  <testcase classname="live_functions.AAA_testClass_delete" name="@BeforeMethod backToHomePage" time="0.0">
    <skipped/>
  </testcase> <!-- @BeforeMethod backToHomePage -->
  <testcase classname="live_functions.AAA_testClass_delete" name="@AfterMethod backToHomePage2" time="0.0">
    <skipped/>
  </testcase> <!-- @AfterMethod backToHomePage2 -->
  <testcase classname="live_functions.AAA_testClass_delete" name="@BeforeMethod backToHomePage" time="0.0">
    <skipped/>
  </testcase> <!-- @BeforeMethod backToHomePage -->
  <testcase classname="live_functions.AAA_testClass_delete" name="@AfterMethod backToHomePage2" time="0.0">
    <skipped/>
  </testcase> <!-- @AfterMethod backToHomePage2 -->
  <testcase classname="live_functions.AAA_testClass_delete" name="@BeforeMethod backToHomePage" time="0.0">
    <skipped/>
  </testcase> <!-- @BeforeMethod backToHomePage -->
  <testcase classname="live_functions.AAA_testClass_delete" name="@AfterMethod backToHomePage2" time="0.0">
    <skipped/>
  </testcase> <!-- @AfterMethod backToHomePage2 -->
  <testcase classname="live_functions.AAA_testClass_delete" name="@BeforeMethod backToHomePage" time="0.0">
    <skipped/>
  </testcase> <!-- @BeforeMethod backToHomePage -->
  <testcase classname="live_functions.AAA_testClass_delete" name="@AfterMethod backToHomePage2" time="0.0">
    <skipped/>
  </testcase> <!-- @AfterMethod backToHomePage2 -->
  <testcase classname="live_functions.AAA_testClass_delete" name="@BeforeMethod backToHomePage" time="0.0">
    <skipped/>
  </testcase> <!-- @BeforeMethod backToHomePage -->
  <testcase classname="live_functions.AAA_testClass_delete" name="@AfterMethod backToHomePage2" time="0.0">
    <skipped/>
  </testcase> <!-- @AfterMethod backToHomePage2 -->
  <testcase classname="live_functions.AAA_testClass_delete" name="@BeforeMethod backToHomePage" time="0.0">
    <skipped/>
  </testcase> <!-- @BeforeMethod backToHomePage -->
  <testcase classname="live_functions.AAA_testClass_delete" name="@AfterMethod backToHomePage2" time="0.0">
    <skipped/>
  </testcase> <!-- @AfterMethod backToHomePage2 -->
  <testcase classname="live_functions.AAA_testClass_delete" name="@BeforeMethod backToHomePage" time="0.0">
    <skipped/>
  </testcase> <!-- @BeforeMethod backToHomePage -->
  <testcase classname="live_functions.AAA_testClass_delete" name="@AfterMethod backToHomePage2" time="0.0">
    <skipped/>
  </testcase> <!-- @AfterMethod backToHomePage2 -->
  <testcase classname="live_functions.AAA_testClass_delete" name="@BeforeMethod backToHomePage" time="0.0">
    <skipped/>
  </testcase> <!-- @BeforeMethod backToHomePage -->
  <testcase classname="live_functions.AAA_testClass_delete" name="@AfterMethod backToHomePage2" time="0.0">
    <skipped/>
  </testcase> <!-- @AfterMethod backToHomePage2 -->
  <testcase classname="live_functions.AAA_testClass_delete" name="@BeforeMethod backToHomePage" time="0.0">
    <skipped/>
  </testcase> <!-- @BeforeMethod backToHomePage -->
  <testcase classname="live_functions.AAA_testClass_delete" name="@AfterMethod backToHomePage2" time="0.0">
    <skipped/>
  </testcase> <!-- @AfterMethod backToHomePage2 -->
  <testcase classname="live_functions.AAA_testClass_delete" name="@BeforeMethod backToHomePage" time="0.0">
    <skipped/>
  </testcase> <!-- @BeforeMethod backToHomePage -->
  <testcase classname="live_functions.AAA_testClass_delete" name="@AfterMethod backToHomePage2" time="0.0">
    <skipped/>
  </testcase> <!-- @AfterMethod backToHomePage2 -->
  <testcase classname="live_functions.AAA_testClass_delete" name="@BeforeMethod backToHomePage" time="0.0">
    <skipped/>
  </testcase> <!-- @BeforeMethod backToHomePage -->
  <testcase classname="live_functions.AAA_testClass_delete" name="@AfterMethod backToHomePage2" time="0.0">
    <skipped/>
  </testcase> <!-- @AfterMethod backToHomePage2 -->
  <testcase classname="live_functions.AAA_testClass_delete" name="@BeforeMethod backToHomePage" time="0.0">
    <skipped/>
  </testcase> <!-- @BeforeMethod backToHomePage -->
  <testcase classname="live_functions.AAA_testClass_delete" name="@AfterMethod backToHomePage2" time="0.0">
    <skipped/>
  </testcase> <!-- @AfterMethod backToHomePage2 -->
  <testcase classname="live_functions.AAA_testClass_delete" name="@BeforeMethod backToHomePage" time="0.0">
    <skipped/>
  </testcase> <!-- @BeforeMethod backToHomePage -->
  <testcase classname="live_functions.AAA_testClass_delete" name="@AfterMethod backToHomePage2" time="0.0">
    <skipped/>
  </testcase> <!-- @AfterMethod backToHomePage2 -->
  <testcase classname="live_functions.AAA_testClass_delete" name="@BeforeMethod backToHomePage" time="0.0">
    <skipped/>
  </testcase> <!-- @BeforeMethod backToHomePage -->
  <testcase classname="live_functions.AAA_testClass_delete" name="@AfterMethod backToHomePage2" time="0.0">
    <skipped/>
  </testcase> <!-- @AfterMethod backToHomePage2 -->
  <testcase classname="live_functions.AAA_testClass_delete" name="@BeforeMethod backToHomePage" time="0.0">
    <skipped/>
  </testcase> <!-- @BeforeMethod backToHomePage -->
  <testcase classname="live_functions.AAA_testClass_delete" name="@AfterMethod backToHomePage2" time="0.0">
    <skipped/>
  </testcase> <!-- @AfterMethod backToHomePage2 -->
  <testcase classname="live_functions.AAA_testClass_delete" name="@BeforeMethod backToHomePage" time="0.0">
    <skipped/>
  </testcase> <!-- @BeforeMethod backToHomePage -->
  <testcase classname="live_functions.AAA_testClass_delete" name="@AfterMethod backToHomePage2" time="0.0">
    <skipped/>
  </testcase> <!-- @AfterMethod backToHomePage2 -->
  <testcase classname="live_functions.AAA_testClass_delete" name="@BeforeMethod backToHomePage" time="0.0">
    <skipped/>
  </testcase> <!-- @BeforeMethod backToHomePage -->
  <testcase classname="live_functions.AAA_testClass_delete" name="@AfterMethod backToHomePage2" time="0.0">
    <skipped/>
  </testcase> <!-- @AfterMethod backToHomePage2 -->
  <testcase classname="live_functions.AAA_testClass_delete" name="@BeforeMethod backToHomePage" time="0.0">
    <skipped/>
  </testcase> <!-- @BeforeMethod backToHomePage -->
  <testcase classname="live_functions.AAA_testClass_delete" name="@AfterMethod backToHomePage2" time="0.0">
    <skipped/>
  </testcase> <!-- @AfterMethod backToHomePage2 -->
  <testcase classname="live_functions.AAA_testClass_delete" name="@BeforeMethod backToHomePage" time="0.0">
    <skipped/>
  </testcase> <!-- @BeforeMethod backToHomePage -->
  <testcase classname="live_functions.AAA_testClass_delete" name="@AfterMethod backToHomePage2" time="0.0">
    <skipped/>
  </testcase> <!-- @AfterMethod backToHomePage2 -->
  <testcase classname="live_functions.AAA_testClass_delete" name="@AfterClass logOut" time="0.0">
    <skipped/>
  </testcase> <!-- @AfterClass logOut -->
  <testcase classname="live_functions.AAA_testClass_delete" name="userDetails" time="0.005"/>
  <testcase classname="live_functions.AAA_testClass_delete" name="deactiveTestAlarmFromOverview" time="0.0">
    <skipped/>
  </testcase> <!-- deactiveTestAlarmFromOverview -->
  <testcase classname="live_functions.AAA_testClass_delete" name="deleteManualAlarm" time="0.0">
    <skipped/>
  </testcase> <!-- deleteManualAlarm -->
  <testcase classname="live_functions.AAA_testClass_delete" name="deleteTestAlarmFromOverview" time="0.0">
    <skipped/>
  </testcase> <!-- deleteTestAlarmFromOverview -->
  <testcase classname="live_functions.AAA_testClass_delete" name="deleteTestAlarmFromList" time="0.0">
    <skipped/>
  </testcase> <!-- deleteTestAlarmFromList -->
  <testcase classname="live_functions.AAA_testClass_delete" name="deleteInfoEvent" time="0.0">
    <skipped/>
  </testcase> <!-- deleteInfoEvent -->
  <testcase classname="live_functions.AAA_testClass_delete" name="deleteCalendarEventCreatedByAttribute" time="0.0">
    <skipped/>
  </testcase> <!-- deleteCalendarEventCreatedByAttribute -->
  <testcase classname="live_functions.AAA_testClass_delete" name="deleteCalendarEventCreatedByResource" time="0.0">
    <skipped/>
  </testcase> <!-- deleteCalendarEventCreatedByResource -->
  <testcase classname="live_functions.AAA_testClass_delete" name="deleteCalendarEventCreatedByFirefighter" time="0.0">
    <skipped/>
  </testcase> <!-- deleteCalendarEventCreatedByFirefighter -->
  <testcase classname="live_functions.AAA_testClass_delete" name="deleteARFromHistory" time="0.0">
    <skipped/>
  </testcase> <!-- deleteARFromHistory -->
  <testcase classname="live_functions.AAA_testClass_delete" name="deleteARFromList" time="0.0">
    <skipped/>
  </testcase> <!-- deleteARFromList -->
  <testcase classname="live_functions.AAA_testClass_delete" name="deleteChatGroup" time="0.0">
    <skipped/>
  </testcase> <!-- deleteChatGroup -->
  <testcase classname="live_functions.AAA_testClass_delete" name="deleteCheckList" time="0.0">
    <skipped/>
  </testcase> <!-- deleteCheckList -->
  <testcase classname="live_functions.AAA_testClass_delete" name="deletePermissionGroup" time="0.0">
    <skipped/>
  </testcase> <!-- deletePermissionGroup -->
  <testcase classname="live_functions.AAA_testClass_delete" name="deleteAlarmLoop" time="0.0">
    <skipped/>
  </testcase> <!-- deleteAlarmLoop -->
  <testcase classname="live_functions.AAA_testClass_delete" name="deleteUers" time="0.0">
    <skipped/>
  </testcase> <!-- deleteUers -->
  <testcase classname="live_functions.AAA_testClass_delete" name="deleteResource" time="0.0">
    <skipped/>
  </testcase> <!-- deleteResource -->
  <testcase classname="live_functions.AAA_testClass_delete" name="deleteAttribute" time="0.0">
    <skipped/>
  </testcase> <!-- deleteAttribute -->
  <testcase classname="live_functions.AAA_testClass_delete" name="deleteVehicleUser" time="0.0">
    <skipped/>
  </testcase> <!-- deleteVehicleUser -->
  <testcase classname="live_functions.AAA_testClass_delete" name="deleteFireStation" time="0.0">
    <skipped/>
  </testcase> <!-- deleteFireStation -->
  <testcase classname="live_functions.AAA_testClass_delete" name="deleteAlarmTemplate" time="0.0">
    <skipped/>
  </testcase> <!-- deleteAlarmTemplate -->
  <testcase classname="live_functions.AAA_testClass_delete" name="deleteEventCategory" time="0.0">
    <skipped/>
  </testcase> <!-- deleteEventCategory -->
  <testcase classname="live_functions.AAA_testClass_delete" name="detailsAboutScript" time="0.0">
    <skipped/>
  </testcase> <!-- detailsAboutScript -->
  <testcase classname="live_functions.AAA_testClass_delete" name="deactiveManualAlarm" time="0.0">
    <ignored/>
  </testcase> <!-- deactiveManualAlarm -->
  <testcase classname="live_functions.AAA_testClass_delete" name="deleteMonitorUser" time="0.0">
    <ignored/>
  </testcase> <!-- deleteMonitorUser -->
</testsuite> <!-- Test -->
