<?xml version="1.0" encoding="UTF-8"?>
<!-- Generated by org.testng.reporters.JUnitXMLReporter -->
<testsuite ignored="31" hostname="DESKTOP-T6L47BI" failures="6" tests="46" name="Test" time="2378.834" errors="0" timestamp="2025-06-13T13:02:03 IST">
  <testcase classname="live_functions.A_testClass_dailyCheckPointList" name="userDetails" time="0.003"/>
  <testcase classname="live_functions.A_testClass_dailyCheckPointList" name="createTestAlarmByAttributeOneTime" time="49.113"/>
  <testcase classname="live_functions.A_testClass_dailyCheckPointList" name="createTestAlarmByAttributeRecursivedaily" time="34.634"/>
  <testcase classname="live_functions.A_testClass_dailyCheckPointList" name="createTestAlarmByAttributeRecursiveWeekly" time="38.109"/>
  <testcase classname="live_functions.A_testClass_dailyCheckPointList" name="testAlarmByRecursiveMonthlyDayWise" time="35.463"/>
  <testcase classname="live_functions.A_testClass_dailyCheckPointList" name="createTestAlarmByAttributeRecursiveMontlyDateWise" time="12.099">
    <failure type="org.openqa.selenium.ElementNotInteractableException" message="element not interactable
  (Session info: MicrosoftEdge=137.0.3296.68)
Build info: version: &amp;apos;4.17.0&amp;apos;, revision: &amp;apos;e52b1be057*&amp;apos;
System info: os.name: &amp;apos;Windows 11&amp;apos;, os.arch: &amp;apos;amd64&amp;apos;, os.version: &amp;apos;10.0&amp;apos;, java.version: &amp;apos;17.0.9&amp;apos;
Driver info: org.openqa.selenium.edge.EdgeDriver
Command: [d2026f7bbaa4e811cd2e6601c61e3d77, clickElement {id=f.2ABC4C5699BCA160FA6CF7512ADFC73D.d.EB3A5D339558748D87F9B9D7F795B283.e.601}]
Capabilities {acceptInsecureCerts: false, browserName: MicrosoftEdge, browserVersion: 137.0.3296.68, fedcm:accounts: true, ms:edgeOptions: {debuggerAddress: localhost:55520}, msedge: {msedgedriverVersion: 137.0.3296.68 (f3affdcf267b..., userDataDir: C:\Users\BHUPESH\AppData\Lo...}, networkConnectionEnabled: false, pageLoadStrategy: normal, platformName: windows, proxy: Proxy(), se:cdp: ws://localhost:55520/devtoo..., se:cdpVersion: 137.0.3296.68, setWindowRect: true, strictFileInteractability: false, timeouts: {implicit: 0, pageLoad: 300000, script: 30000}, unhandledPromptBehavior: dismiss and notify, webauthn:extension:credBlob: true, webauthn:extension:largeBlob: true, webauthn:extension:minPinLength: true, webauthn:extension:prf: true, webauthn:virtualAuthenticators: true}
Element: [[EdgeDriver: MicrosoftEdge on windows (d2026f7bbaa4e811cd2e6601c61e3d77)] -&amp;gt; xpath: //a[@href=&amp;quot;http://live.retteralarm.de/admin/TestAlarms/test_list&amp;quot;]]
Session ID: d2026f7bbaa4e811cd2e6601c61e3d77">
      <![CDATA[org.openqa.selenium.ElementNotInteractableException: element not interactable
  (Session info: MicrosoftEdge=137.0.3296.68)
Build info: version: '4.17.0', revision: 'e52b1be057*'
System info: os.name: 'Windows 11', os.arch: 'amd64', os.version: '10.0', java.version: '17.0.9'
Driver info: org.openqa.selenium.edge.EdgeDriver
Command: [d2026f7bbaa4e811cd2e6601c61e3d77, clickElement {id=f.2ABC4C5699BCA160FA6CF7512ADFC73D.d.EB3A5D339558748D87F9B9D7F795B283.e.601}]
Capabilities {acceptInsecureCerts: false, browserName: MicrosoftEdge, browserVersion: 137.0.3296.68, fedcm:accounts: true, ms:edgeOptions: {debuggerAddress: localhost:55520}, msedge: {msedgedriverVersion: 137.0.3296.68 (f3affdcf267b..., userDataDir: C:\Users\BHUPESH\AppData\Lo...}, networkConnectionEnabled: false, pageLoadStrategy: normal, platformName: windows, proxy: Proxy(), se:cdp: ws://localhost:55520/devtoo..., se:cdpVersion: 137.0.3296.68, setWindowRect: true, strictFileInteractability: false, timeouts: {implicit: 0, pageLoad: 300000, script: 30000}, unhandledPromptBehavior: dismiss and notify, webauthn:extension:credBlob: true, webauthn:extension:largeBlob: true, webauthn:extension:minPinLength: true, webauthn:extension:prf: true, webauthn:virtualAuthenticators: true}
Element: [[EdgeDriver: MicrosoftEdge on windows (d2026f7bbaa4e811cd2e6601c61e3d77)] -> xpath: //a[@href="http://live.retteralarm.de/admin/TestAlarms/test_list"]]
Session ID: d2026f7bbaa4e811cd2e6601c61e3d77
at org.openqa.selenium.remote.codec.w3c.W3CHttpResponseCodec.createException(W3CHttpResponseCodec.java:185)
at org.openqa.selenium.remote.codec.w3c.W3CHttpResponseCodec.decode(W3CHttpResponseCodec.java:134)
at org.openqa.selenium.remote.codec.w3c.W3CHttpResponseCodec.decode(W3CHttpResponseCodec.java:51)
at org.openqa.selenium.remote.HttpCommandExecutor.execute(HttpCommandExecutor.java:190)
at org.openqa.selenium.remote.service.DriverCommandExecutor.invokeExecute(DriverCommandExecutor.java:216)
at org.openqa.selenium.remote.service.DriverCommandExecutor.execute(DriverCommandExecutor.java:174)
at org.openqa.selenium.remote.RemoteWebDriver.execute(RemoteWebDriver.java:519)
at org.openqa.selenium.remote.RemoteWebElement.execute(RemoteWebElement.java:223)
at org.openqa.selenium.remote.RemoteWebElement.click(RemoteWebElement.java:76)
at org.openqa.selenium.support.pagefactory.internal.LocatingElementHandler.invoke(LocatingElementHandler.java:51)
at jdk.proxy2/jdk.proxy2.$Proxy18.click(Unknown Source)
at live_functions.H_testAlarm.testAlarmCommon(H_testAlarm.java:188)
at live_functions.A_testClass_dailyCheckPointList.createTestAlarmByAttributeRecursiveMontlyDateWise(A_testClass_dailyCheckPointList.java:929)
at java.base/java.util.ArrayList.forEach(ArrayList.java:1511)
... Removed 35 stack frames]]>
    </failure>
  </testcase> <!-- createTestAlarmByAttributeRecursiveMontlyDateWise -->
  <testcase classname="live_functions.A_testClass_dailyCheckPointList" name="createMonitorInformation01" time="29.456"/>
  <testcase classname="live_functions.A_testClass_dailyCheckPointList" name="createMonitorInformation02" time="29.422"/>
  <testcase classname="live_functions.A_testClass_dailyCheckPointList" name="createInfoEventByAttributeSchedule" time="33.753"/>
  <testcase classname="live_functions.A_testClass_dailyCheckPointList" name="createInfoEventByResourceSchedule" time="35.579"/>
  <testcase classname="live_functions.A_testClass_dailyCheckPointList" name="createInfoEventByFighterSchedule" time="35.041"/>
  <testcase classname="live_functions.A_testClass_dailyCheckPointList" name="createAvailabilityRequestSendImmediat" time="28.205"/>
  <testcase classname="live_functions.A_testClass_dailyCheckPointList" name="createAvailabilityRequestSendSchedule" time="21.967"/>
  <testcase classname="live_functions.A_testClass_dailyCheckPointList" name="createAvailabilityRequestSendRecursive" time="21.704"/>
  <testcase classname="live_functions.A_testClass_dailyCheckPointList" name="createAvailabilityRequestSendMultipleDays" time="21.931"/>
  <testcase classname="live_functions.A_testClass_dailyCheckPointList" name="createInformationByAttribute" time="26.536"/>
  <testcase classname="live_functions.A_testClass_dailyCheckPointList" name="createInformationByResource" time="22.344"/>
  <testcase classname="live_functions.A_testClass_dailyCheckPointList" name="createInformationByFirefighter" time="24.518"/>
  <testcase classname="live_functions.A_testClass_dailyCheckPointList" name="createInfoEventByAttribute" time="21.375">
    <failure type="org.openqa.selenium.ElementClickInterceptedException" message="element click intercepted: Element &amp;lt;input name=&amp;quot;data[Information][title_de]&amp;quot; class=&amp;quot;form-control&amp;quot; placeholder=&amp;quot;Enter german title&amp;quot; autocomplete=&amp;quot;off&amp;quot; maxlength=&amp;quot;50&amp;quot; type=&amp;quot;text&amp;quot; id=&amp;quot;InformationTitleDe&amp;quot;&amp;gt; is not clickable at point (1023, 507). Other element would receive the click: &amp;lt;iframe src=&amp;quot;&amp;quot; frameborder=&amp;quot;0&amp;quot; class=&amp;quot;cke_wysiwyg_frame cke_reset&amp;quot; title=&amp;quot;Rich Text Editor, InformationDescriptionDe&amp;quot; aria-describedby=&amp;quot;cke_40&amp;quot; tabindex=&amp;quot;0&amp;quot; allowtransparency=&amp;quot;true&amp;quot; style=&amp;quot;width: 100%; height: 100%;&amp;quot;&amp;gt;&amp;lt;/iframe&amp;gt;
  (Session info: MicrosoftEdge=137.0.3296.68)
Build info: version: &amp;apos;4.17.0&amp;apos;, revision: &amp;apos;e52b1be057*&amp;apos;
System info: os.name: &amp;apos;Windows 11&amp;apos;, os.arch: &amp;apos;amd64&amp;apos;, os.version: &amp;apos;10.0&amp;apos;, java.version: &amp;apos;17.0.9&amp;apos;
Driver info: org.openqa.selenium.edge.EdgeDriver
Command: [d2026f7bbaa4e811cd2e6601c61e3d77, clickElement {id=f.2ABC4C5699BCA160FA6CF7512ADFC73D.d.94448E1EB5C2F9174A847DC39FCF8DD7.e.7429}]
Capabilities {acceptInsecureCerts: false, browserName: MicrosoftEdge, browserVersion: 137.0.3296.68, fedcm:accounts: true, ms:edgeOptions: {debuggerAddress: localhost:55520}, msedge: {msedgedriverVersion: 137.0.3296.68 (f3affdcf267b..., userDataDir: C:\Users\BHUPESH\AppData\Lo...}, networkConnectionEnabled: false, pageLoadStrategy: normal, platformName: windows, proxy: Proxy(), se:cdp: ws://localhost:55520/devtoo..., se:cdpVersion: 137.0.3296.68, setWindowRect: true, strictFileInteractability: false, timeouts: {implicit: 0, pageLoad: 300000, script: 30000}, unhandledPromptBehavior: dismiss and notify, webauthn:extension:credBlob: true, webauthn:extension:largeBlob: true, webauthn:extension:minPinLength: true, webauthn:extension:prf: true, webauthn:virtualAuthenticators: true}
Element: [[EdgeDriver: MicrosoftEdge on windows (d2026f7bbaa4e811cd2e6601c61e3d77)] -&amp;gt; xpath: //input[@id=&amp;quot;InformationTitleDe&amp;quot;]]
Session ID: d2026f7bbaa4e811cd2e6601c61e3d77">
      <![CDATA[org.openqa.selenium.ElementClickInterceptedException: element click intercepted: Element <input name="data[Information][title_de]" class="form-control" placeholder="Enter german title" autocomplete="off" maxlength="50" type="text" id="InformationTitleDe"> is not clickable at point (1023, 507). Other element would receive the click: <iframe src="" frameborder="0" class="cke_wysiwyg_frame cke_reset" title="Rich Text Editor, InformationDescriptionDe" aria-describedby="cke_40" tabindex="0" allowtransparency="true" style="width: 100%; height: 100%;"></iframe>
  (Session info: MicrosoftEdge=137.0.3296.68)
Build info: version: '4.17.0', revision: 'e52b1be057*'
System info: os.name: 'Windows 11', os.arch: 'amd64', os.version: '10.0', java.version: '17.0.9'
Driver info: org.openqa.selenium.edge.EdgeDriver
Command: [d2026f7bbaa4e811cd2e6601c61e3d77, clickElement {id=f.2ABC4C5699BCA160FA6CF7512ADFC73D.d.94448E1EB5C2F9174A847DC39FCF8DD7.e.7429}]
Capabilities {acceptInsecureCerts: false, browserName: MicrosoftEdge, browserVersion: 137.0.3296.68, fedcm:accounts: true, ms:edgeOptions: {debuggerAddress: localhost:55520}, msedge: {msedgedriverVersion: 137.0.3296.68 (f3affdcf267b..., userDataDir: C:\Users\BHUPESH\AppData\Lo...}, networkConnectionEnabled: false, pageLoadStrategy: normal, platformName: windows, proxy: Proxy(), se:cdp: ws://localhost:55520/devtoo..., se:cdpVersion: 137.0.3296.68, setWindowRect: true, strictFileInteractability: false, timeouts: {implicit: 0, pageLoad: 300000, script: 30000}, unhandledPromptBehavior: dismiss and notify, webauthn:extension:credBlob: true, webauthn:extension:largeBlob: true, webauthn:extension:minPinLength: true, webauthn:extension:prf: true, webauthn:virtualAuthenticators: true}
Element: [[EdgeDriver: MicrosoftEdge on windows (d2026f7bbaa4e811cd2e6601c61e3d77)] -> xpath: //input[@id="InformationTitleDe"]]
Session ID: d2026f7bbaa4e811cd2e6601c61e3d77
at org.openqa.selenium.remote.codec.w3c.W3CHttpResponseCodec.createException(W3CHttpResponseCodec.java:185)
at org.openqa.selenium.remote.codec.w3c.W3CHttpResponseCodec.decode(W3CHttpResponseCodec.java:134)
at org.openqa.selenium.remote.codec.w3c.W3CHttpResponseCodec.decode(W3CHttpResponseCodec.java:51)
at org.openqa.selenium.remote.HttpCommandExecutor.execute(HttpCommandExecutor.java:190)
at org.openqa.selenium.remote.service.DriverCommandExecutor.invokeExecute(DriverCommandExecutor.java:216)
at org.openqa.selenium.remote.service.DriverCommandExecutor.execute(DriverCommandExecutor.java:174)
at org.openqa.selenium.remote.RemoteWebDriver.execute(RemoteWebDriver.java:519)
at org.openqa.selenium.remote.RemoteWebElement.execute(RemoteWebElement.java:223)
at org.openqa.selenium.remote.RemoteWebElement.click(RemoteWebElement.java:76)
at org.openqa.selenium.support.pagefactory.internal.LocatingElementHandler.invoke(LocatingElementHandler.java:51)
at jdk.proxy2/jdk.proxy2.$Proxy18.click(Unknown Source)
at live_functions.G_InfoEvent.createEventByAttribute(G_InfoEvent.java:385)
at live_functions.A_testClass_dailyCheckPointList.createInfoEventByAttribute(A_testClass_dailyCheckPointList.java:1215)
at java.base/java.util.ArrayList.forEach(ArrayList.java:1511)
... Removed 35 stack frames]]>
    </failure>
  </testcase> <!-- createInfoEventByAttribute -->
  <testcase classname="live_functions.A_testClass_dailyCheckPointList" name="createInfoEventByResource" time="34.598"/>
  <testcase classname="live_functions.A_testClass_dailyCheckPointList" name="createInfoEventByFirefighter" time="36.844"/>
  <testcase classname="live_functions.A_testClass_dailyCheckPointList" name="createChatgroupByAttribute" time="29.562"/>
  <testcase classname="live_functions.A_testClass_dailyCheckPointList" name="createChatgroupByResource" time="23.943"/>
  <testcase classname="live_functions.A_testClass_dailyCheckPointList" name="createChatgroupByFirefighter" time="19.409"/>
  <testcase classname="live_functions.A_testClass_dailyCheckPointList" name="createChatgroupByAlarmloop" time="22.629"/>
  <testcase classname="live_functions.A_testClass_dailyCheckPointList" name="sendmessageToTestAlarmUsers" time="11.053"/>
  <testcase classname="live_functions.A_testClass_dailyCheckPointList" name="sendMessageChatGrouCreatedByAttribute" time="19.627"/>
  <testcase classname="live_functions.A_testClass_dailyCheckPointList" name="sendMessageChatGrouCreatedByResource" time="18.147"/>
  <testcase classname="live_functions.A_testClass_dailyCheckPointList" name="sendMessageChatGrouCreatedByFirefighter" time="18.501"/>
  <testcase classname="live_functions.A_testClass_dailyCheckPointList" name="sendMessageChatGrouCreatedByAlarmLoop" time="18.663"/>
  <testcase classname="live_functions.A_testClass_dailyCheckPointList" name="addStationUserForStation06" time="22.854">
    <failure type="org.openqa.selenium.NoSuchElementException" message="no such element: Unable to locate element: {&amp;quot;method&amp;quot;:&amp;quot;xpath&amp;quot;,&amp;quot;selector&amp;quot;:&amp;quot;//div[text()=&amp;quot;Assign Firefighter&amp;quot;]&amp;quot;}
  (Session info: MicrosoftEdge=137.0.3296.68)
For documentation on this error, please visit: https://www.selenium.dev/documentation/webdriver/troubleshooting/errors#no-such-element-exception
Build info: version: &amp;apos;4.17.0&amp;apos;, revision: &amp;apos;e52b1be057*&amp;apos;
System info: os.name: &amp;apos;Windows 11&amp;apos;, os.arch: &amp;apos;amd64&amp;apos;, os.version: &amp;apos;10.0&amp;apos;, java.version: &amp;apos;17.0.9&amp;apos;
Driver info: org.openqa.selenium.edge.EdgeDriver
Command: [d2026f7bbaa4e811cd2e6601c61e3d77, findElement {using=xpath, value=//div[text()=&amp;quot;Assign Firefighter&amp;quot;]}]
Capabilities {acceptInsecureCerts: false, browserName: MicrosoftEdge, browserVersion: 137.0.3296.68, fedcm:accounts: true, ms:edgeOptions: {debuggerAddress: localhost:55520}, msedge: {msedgedriverVersion: 137.0.3296.68 (f3affdcf267b..., userDataDir: C:\Users\BHUPESH\AppData\Lo...}, networkConnectionEnabled: false, pageLoadStrategy: normal, platformName: windows, proxy: Proxy(), se:cdp: ws://localhost:55520/devtoo..., se:cdpVersion: 137.0.3296.68, setWindowRect: true, strictFileInteractability: false, timeouts: {implicit: 0, pageLoad: 300000, script: 30000}, unhandledPromptBehavior: dismiss and notify, webauthn:extension:credBlob: true, webauthn:extension:largeBlob: true, webauthn:extension:minPinLength: true, webauthn:extension:prf: true, webauthn:virtualAuthenticators: true}
Session ID: d2026f7bbaa4e811cd2e6601c61e3d77">
      <![CDATA[org.openqa.selenium.NoSuchElementException: no such element: Unable to locate element: {"method":"xpath","selector":"//div[text()="Assign Firefighter"]"}
  (Session info: MicrosoftEdge=137.0.3296.68)
For documentation on this error, please visit: https://www.selenium.dev/documentation/webdriver/troubleshooting/errors#no-such-element-exception
Build info: version: '4.17.0', revision: 'e52b1be057*'
System info: os.name: 'Windows 11', os.arch: 'amd64', os.version: '10.0', java.version: '17.0.9'
Driver info: org.openqa.selenium.edge.EdgeDriver
Command: [d2026f7bbaa4e811cd2e6601c61e3d77, findElement {using=xpath, value=//div[text()="Assign Firefighter"]}]
Capabilities {acceptInsecureCerts: false, browserName: MicrosoftEdge, browserVersion: 137.0.3296.68, fedcm:accounts: true, ms:edgeOptions: {debuggerAddress: localhost:55520}, msedge: {msedgedriverVersion: 137.0.3296.68 (f3affdcf267b..., userDataDir: C:\Users\BHUPESH\AppData\Lo...}, networkConnectionEnabled: false, pageLoadStrategy: normal, platformName: windows, proxy: Proxy(), se:cdp: ws://localhost:55520/devtoo..., se:cdpVersion: 137.0.3296.68, setWindowRect: true, strictFileInteractability: false, timeouts: {implicit: 0, pageLoad: 300000, script: 30000}, unhandledPromptBehavior: dismiss and notify, webauthn:extension:credBlob: true, webauthn:extension:largeBlob: true, webauthn:extension:minPinLength: true, webauthn:extension:prf: true, webauthn:virtualAuthenticators: true}
Session ID: d2026f7bbaa4e811cd2e6601c61e3d77
at org.openqa.selenium.remote.codec.w3c.W3CHttpResponseCodec.createException(W3CHttpResponseCodec.java:185)
at org.openqa.selenium.remote.codec.w3c.W3CHttpResponseCodec.decode(W3CHttpResponseCodec.java:134)
at org.openqa.selenium.remote.codec.w3c.W3CHttpResponseCodec.decode(W3CHttpResponseCodec.java:51)
at org.openqa.selenium.remote.HttpCommandExecutor.execute(HttpCommandExecutor.java:190)
at org.openqa.selenium.remote.service.DriverCommandExecutor.invokeExecute(DriverCommandExecutor.java:216)
at org.openqa.selenium.remote.service.DriverCommandExecutor.execute(DriverCommandExecutor.java:174)
at org.openqa.selenium.remote.RemoteWebDriver.execute(RemoteWebDriver.java:519)
at org.openqa.selenium.remote.ElementLocation$ElementFinder$2.findElement(ElementLocation.java:165)
at org.openqa.selenium.remote.ElementLocation.findElement(ElementLocation.java:59)
at org.openqa.selenium.remote.RemoteWebDriver.findElement(RemoteWebDriver.java:356)
at org.openqa.selenium.remote.RemoteWebDriver.findElement(RemoteWebDriver.java:350)
at org.openqa.selenium.support.pagefactory.DefaultElementLocator.findElement(DefaultElementLocator.java:68)
at org.openqa.selenium.support.pagefactory.internal.LocatingElementHandler.invoke(LocatingElementHandler.java:38)
at jdk.proxy2/jdk.proxy2.$Proxy18.isDisplayed(Unknown Source)
at live_functions.n_addUsers.addStationUserForStation06(n_addUsers.java:149)
at live_functions.A_testClass_dailyCheckPointList.addStationUserForStation06(A_testClass_dailyCheckPointList.java:681)
at java.base/java.util.ArrayList.forEach(ArrayList.java:1511)
... Removed 32 stack frames]]>
    </failure>
  </testcase> <!-- addStationUserForStation06 -->
  <testcase classname="live_functions.A_testClass_dailyCheckPointList" name="addFirefighter1ForNewStation06" time="17.641">
    <failure type="org.openqa.selenium.NoSuchElementException" message="no such element: Unable to locate element: {&amp;quot;method&amp;quot;:&amp;quot;xpath&amp;quot;,&amp;quot;selector&amp;quot;:&amp;quot;//div[text()=&amp;quot;Assign Firefighter&amp;quot;]&amp;quot;}
  (Session info: MicrosoftEdge=137.0.3296.68)
For documentation on this error, please visit: https://www.selenium.dev/documentation/webdriver/troubleshooting/errors#no-such-element-exception
Build info: version: &amp;apos;4.17.0&amp;apos;, revision: &amp;apos;e52b1be057*&amp;apos;
System info: os.name: &amp;apos;Windows 11&amp;apos;, os.arch: &amp;apos;amd64&amp;apos;, os.version: &amp;apos;10.0&amp;apos;, java.version: &amp;apos;17.0.9&amp;apos;
Driver info: org.openqa.selenium.edge.EdgeDriver
Command: [d2026f7bbaa4e811cd2e6601c61e3d77, findElement {using=xpath, value=//div[text()=&amp;quot;Assign Firefighter&amp;quot;]}]
Capabilities {acceptInsecureCerts: false, browserName: MicrosoftEdge, browserVersion: 137.0.3296.68, fedcm:accounts: true, ms:edgeOptions: {debuggerAddress: localhost:55520}, msedge: {msedgedriverVersion: 137.0.3296.68 (f3affdcf267b..., userDataDir: C:\Users\BHUPESH\AppData\Lo...}, networkConnectionEnabled: false, pageLoadStrategy: normal, platformName: windows, proxy: Proxy(), se:cdp: ws://localhost:55520/devtoo..., se:cdpVersion: 137.0.3296.68, setWindowRect: true, strictFileInteractability: false, timeouts: {implicit: 0, pageLoad: 300000, script: 30000}, unhandledPromptBehavior: dismiss and notify, webauthn:extension:credBlob: true, webauthn:extension:largeBlob: true, webauthn:extension:minPinLength: true, webauthn:extension:prf: true, webauthn:virtualAuthenticators: true}
Session ID: d2026f7bbaa4e811cd2e6601c61e3d77">
      <![CDATA[org.openqa.selenium.NoSuchElementException: no such element: Unable to locate element: {"method":"xpath","selector":"//div[text()="Assign Firefighter"]"}
  (Session info: MicrosoftEdge=137.0.3296.68)
For documentation on this error, please visit: https://www.selenium.dev/documentation/webdriver/troubleshooting/errors#no-such-element-exception
Build info: version: '4.17.0', revision: 'e52b1be057*'
System info: os.name: 'Windows 11', os.arch: 'amd64', os.version: '10.0', java.version: '17.0.9'
Driver info: org.openqa.selenium.edge.EdgeDriver
Command: [d2026f7bbaa4e811cd2e6601c61e3d77, findElement {using=xpath, value=//div[text()="Assign Firefighter"]}]
Capabilities {acceptInsecureCerts: false, browserName: MicrosoftEdge, browserVersion: 137.0.3296.68, fedcm:accounts: true, ms:edgeOptions: {debuggerAddress: localhost:55520}, msedge: {msedgedriverVersion: 137.0.3296.68 (f3affdcf267b..., userDataDir: C:\Users\BHUPESH\AppData\Lo...}, networkConnectionEnabled: false, pageLoadStrategy: normal, platformName: windows, proxy: Proxy(), se:cdp: ws://localhost:55520/devtoo..., se:cdpVersion: 137.0.3296.68, setWindowRect: true, strictFileInteractability: false, timeouts: {implicit: 0, pageLoad: 300000, script: 30000}, unhandledPromptBehavior: dismiss and notify, webauthn:extension:credBlob: true, webauthn:extension:largeBlob: true, webauthn:extension:minPinLength: true, webauthn:extension:prf: true, webauthn:virtualAuthenticators: true}
Session ID: d2026f7bbaa4e811cd2e6601c61e3d77
at org.openqa.selenium.remote.codec.w3c.W3CHttpResponseCodec.createException(W3CHttpResponseCodec.java:185)
at org.openqa.selenium.remote.codec.w3c.W3CHttpResponseCodec.decode(W3CHttpResponseCodec.java:134)
at org.openqa.selenium.remote.codec.w3c.W3CHttpResponseCodec.decode(W3CHttpResponseCodec.java:51)
at org.openqa.selenium.remote.HttpCommandExecutor.execute(HttpCommandExecutor.java:190)
at org.openqa.selenium.remote.service.DriverCommandExecutor.invokeExecute(DriverCommandExecutor.java:216)
at org.openqa.selenium.remote.service.DriverCommandExecutor.execute(DriverCommandExecutor.java:174)
at org.openqa.selenium.remote.RemoteWebDriver.execute(RemoteWebDriver.java:519)
at org.openqa.selenium.remote.ElementLocation$ElementFinder$2.findElement(ElementLocation.java:165)
at org.openqa.selenium.remote.ElementLocation.findElement(ElementLocation.java:59)
at org.openqa.selenium.remote.RemoteWebDriver.findElement(RemoteWebDriver.java:356)
at org.openqa.selenium.remote.RemoteWebDriver.findElement(RemoteWebDriver.java:350)
at org.openqa.selenium.support.pagefactory.DefaultElementLocator.findElement(DefaultElementLocator.java:68)
at org.openqa.selenium.support.pagefactory.internal.LocatingElementHandler.invoke(LocatingElementHandler.java:38)
at jdk.proxy2/jdk.proxy2.$Proxy18.isDisplayed(Unknown Source)
at live_functions.n_addUsers.addfireFighter1ForStation06(n_addUsers.java:423)
at live_functions.A_testClass_dailyCheckPointList.addFirefighter1ForNewStation06(A_testClass_dailyCheckPointList.java:720)
at java.base/java.util.ArrayList.forEach(ArrayList.java:1511)
... Removed 32 stack frames]]>
    </failure>
  </testcase> <!-- addFirefighter1ForNewStation06 -->
  <testcase classname="live_functions.A_testClass_dailyCheckPointList" name="addFirefighter2ForNewStation06" time="23.865">
    <failure type="org.openqa.selenium.NoSuchElementException" message="no such element: Unable to locate element: {&amp;quot;method&amp;quot;:&amp;quot;xpath&amp;quot;,&amp;quot;selector&amp;quot;:&amp;quot;//div[text()=&amp;quot;Assign Firefighter&amp;quot;]&amp;quot;}
  (Session info: MicrosoftEdge=137.0.3296.68)
For documentation on this error, please visit: https://www.selenium.dev/documentation/webdriver/troubleshooting/errors#no-such-element-exception
Build info: version: &amp;apos;4.17.0&amp;apos;, revision: &amp;apos;e52b1be057*&amp;apos;
System info: os.name: &amp;apos;Windows 11&amp;apos;, os.arch: &amp;apos;amd64&amp;apos;, os.version: &amp;apos;10.0&amp;apos;, java.version: &amp;apos;17.0.9&amp;apos;
Driver info: org.openqa.selenium.edge.EdgeDriver
Command: [d2026f7bbaa4e811cd2e6601c61e3d77, findElement {using=xpath, value=//div[text()=&amp;quot;Assign Firefighter&amp;quot;]}]
Capabilities {acceptInsecureCerts: false, browserName: MicrosoftEdge, browserVersion: 137.0.3296.68, fedcm:accounts: true, ms:edgeOptions: {debuggerAddress: localhost:55520}, msedge: {msedgedriverVersion: 137.0.3296.68 (f3affdcf267b..., userDataDir: C:\Users\BHUPESH\AppData\Lo...}, networkConnectionEnabled: false, pageLoadStrategy: normal, platformName: windows, proxy: Proxy(), se:cdp: ws://localhost:55520/devtoo..., se:cdpVersion: 137.0.3296.68, setWindowRect: true, strictFileInteractability: false, timeouts: {implicit: 0, pageLoad: 300000, script: 30000}, unhandledPromptBehavior: dismiss and notify, webauthn:extension:credBlob: true, webauthn:extension:largeBlob: true, webauthn:extension:minPinLength: true, webauthn:extension:prf: true, webauthn:virtualAuthenticators: true}
Session ID: d2026f7bbaa4e811cd2e6601c61e3d77">
      <![CDATA[org.openqa.selenium.NoSuchElementException: no such element: Unable to locate element: {"method":"xpath","selector":"//div[text()="Assign Firefighter"]"}
  (Session info: MicrosoftEdge=137.0.3296.68)
For documentation on this error, please visit: https://www.selenium.dev/documentation/webdriver/troubleshooting/errors#no-such-element-exception
Build info: version: '4.17.0', revision: 'e52b1be057*'
System info: os.name: 'Windows 11', os.arch: 'amd64', os.version: '10.0', java.version: '17.0.9'
Driver info: org.openqa.selenium.edge.EdgeDriver
Command: [d2026f7bbaa4e811cd2e6601c61e3d77, findElement {using=xpath, value=//div[text()="Assign Firefighter"]}]
Capabilities {acceptInsecureCerts: false, browserName: MicrosoftEdge, browserVersion: 137.0.3296.68, fedcm:accounts: true, ms:edgeOptions: {debuggerAddress: localhost:55520}, msedge: {msedgedriverVersion: 137.0.3296.68 (f3affdcf267b..., userDataDir: C:\Users\BHUPESH\AppData\Lo...}, networkConnectionEnabled: false, pageLoadStrategy: normal, platformName: windows, proxy: Proxy(), se:cdp: ws://localhost:55520/devtoo..., se:cdpVersion: 137.0.3296.68, setWindowRect: true, strictFileInteractability: false, timeouts: {implicit: 0, pageLoad: 300000, script: 30000}, unhandledPromptBehavior: dismiss and notify, webauthn:extension:credBlob: true, webauthn:extension:largeBlob: true, webauthn:extension:minPinLength: true, webauthn:extension:prf: true, webauthn:virtualAuthenticators: true}
Session ID: d2026f7bbaa4e811cd2e6601c61e3d77
at org.openqa.selenium.remote.codec.w3c.W3CHttpResponseCodec.createException(W3CHttpResponseCodec.java:185)
at org.openqa.selenium.remote.codec.w3c.W3CHttpResponseCodec.decode(W3CHttpResponseCodec.java:134)
at org.openqa.selenium.remote.codec.w3c.W3CHttpResponseCodec.decode(W3CHttpResponseCodec.java:51)
at org.openqa.selenium.remote.HttpCommandExecutor.execute(HttpCommandExecutor.java:190)
at org.openqa.selenium.remote.service.DriverCommandExecutor.invokeExecute(DriverCommandExecutor.java:216)
at org.openqa.selenium.remote.service.DriverCommandExecutor.execute(DriverCommandExecutor.java:174)
at org.openqa.selenium.remote.RemoteWebDriver.execute(RemoteWebDriver.java:519)
at org.openqa.selenium.remote.ElementLocation$ElementFinder$2.findElement(ElementLocation.java:165)
at org.openqa.selenium.remote.ElementLocation.findElement(ElementLocation.java:59)
at org.openqa.selenium.remote.RemoteWebDriver.findElement(RemoteWebDriver.java:356)
at org.openqa.selenium.remote.RemoteWebDriver.findElement(RemoteWebDriver.java:350)
at org.openqa.selenium.support.pagefactory.DefaultElementLocator.findElement(DefaultElementLocator.java:68)
at org.openqa.selenium.support.pagefactory.internal.LocatingElementHandler.invoke(LocatingElementHandler.java:38)
at jdk.proxy2/jdk.proxy2.$Proxy18.isDisplayed(Unknown Source)
at live_functions.n_addUsers.addfireFighter2ForStation06(n_addUsers.java:621)
at live_functions.A_testClass_dailyCheckPointList.addFirefighter2ForNewStation06(A_testClass_dailyCheckPointList.java:736)
at java.base/java.util.ArrayList.forEach(ArrayList.java:1511)
... Removed 32 stack frames]]>
    </failure>
  </testcase> <!-- addFirefighter2ForNewStation06 -->
  <testcase classname="live_functions.A_testClass_dailyCheckPointList" name="addVehicleUserForStation06" time="30.627">
    <failure type="org.openqa.selenium.NoSuchElementException" message="no such element: Unable to locate element: {&amp;quot;method&amp;quot;:&amp;quot;xpath&amp;quot;,&amp;quot;selector&amp;quot;:&amp;quot;//button[@class=&amp;quot;btn btn-success&amp;quot;]&amp;quot;}
  (Session info: MicrosoftEdge=137.0.3296.68)
For documentation on this error, please visit: https://www.selenium.dev/documentation/webdriver/troubleshooting/errors#no-such-element-exception
Build info: version: &amp;apos;4.17.0&amp;apos;, revision: &amp;apos;e52b1be057*&amp;apos;
System info: os.name: &amp;apos;Windows 11&amp;apos;, os.arch: &amp;apos;amd64&amp;apos;, os.version: &amp;apos;10.0&amp;apos;, java.version: &amp;apos;17.0.9&amp;apos;
Driver info: org.openqa.selenium.edge.EdgeDriver
Command: [d2026f7bbaa4e811cd2e6601c61e3d77, findElement {using=xpath, value=//button[@class=&amp;quot;btn btn-success&amp;quot;]}]
Capabilities {acceptInsecureCerts: false, browserName: MicrosoftEdge, browserVersion: 137.0.3296.68, fedcm:accounts: true, ms:edgeOptions: {debuggerAddress: localhost:55520}, msedge: {msedgedriverVersion: 137.0.3296.68 (f3affdcf267b..., userDataDir: C:\Users\BHUPESH\AppData\Lo...}, networkConnectionEnabled: false, pageLoadStrategy: normal, platformName: windows, proxy: Proxy(), se:cdp: ws://localhost:55520/devtoo..., se:cdpVersion: 137.0.3296.68, setWindowRect: true, strictFileInteractability: false, timeouts: {implicit: 0, pageLoad: 300000, script: 30000}, unhandledPromptBehavior: dismiss and notify, webauthn:extension:credBlob: true, webauthn:extension:largeBlob: true, webauthn:extension:minPinLength: true, webauthn:extension:prf: true, webauthn:virtualAuthenticators: true}
Session ID: d2026f7bbaa4e811cd2e6601c61e3d77">
      <![CDATA[org.openqa.selenium.NoSuchElementException: no such element: Unable to locate element: {"method":"xpath","selector":"//button[@class="btn btn-success"]"}
  (Session info: MicrosoftEdge=137.0.3296.68)
For documentation on this error, please visit: https://www.selenium.dev/documentation/webdriver/troubleshooting/errors#no-such-element-exception
Build info: version: '4.17.0', revision: 'e52b1be057*'
System info: os.name: 'Windows 11', os.arch: 'amd64', os.version: '10.0', java.version: '17.0.9'
Driver info: org.openqa.selenium.edge.EdgeDriver
Command: [d2026f7bbaa4e811cd2e6601c61e3d77, findElement {using=xpath, value=//button[@class="btn btn-success"]}]
Capabilities {acceptInsecureCerts: false, browserName: MicrosoftEdge, browserVersion: 137.0.3296.68, fedcm:accounts: true, ms:edgeOptions: {debuggerAddress: localhost:55520}, msedge: {msedgedriverVersion: 137.0.3296.68 (f3affdcf267b..., userDataDir: C:\Users\BHUPESH\AppData\Lo...}, networkConnectionEnabled: false, pageLoadStrategy: normal, platformName: windows, proxy: Proxy(), se:cdp: ws://localhost:55520/devtoo..., se:cdpVersion: 137.0.3296.68, setWindowRect: true, strictFileInteractability: false, timeouts: {implicit: 0, pageLoad: 300000, script: 30000}, unhandledPromptBehavior: dismiss and notify, webauthn:extension:credBlob: true, webauthn:extension:largeBlob: true, webauthn:extension:minPinLength: true, webauthn:extension:prf: true, webauthn:virtualAuthenticators: true}
Session ID: d2026f7bbaa4e811cd2e6601c61e3d77
at org.openqa.selenium.remote.codec.w3c.W3CHttpResponseCodec.createException(W3CHttpResponseCodec.java:185)
at org.openqa.selenium.remote.codec.w3c.W3CHttpResponseCodec.decode(W3CHttpResponseCodec.java:134)
at org.openqa.selenium.remote.codec.w3c.W3CHttpResponseCodec.decode(W3CHttpResponseCodec.java:51)
at org.openqa.selenium.remote.HttpCommandExecutor.execute(HttpCommandExecutor.java:190)
at org.openqa.selenium.remote.service.DriverCommandExecutor.invokeExecute(DriverCommandExecutor.java:216)
at org.openqa.selenium.remote.service.DriverCommandExecutor.execute(DriverCommandExecutor.java:174)
at org.openqa.selenium.remote.RemoteWebDriver.execute(RemoteWebDriver.java:519)
at org.openqa.selenium.remote.ElementLocation$ElementFinder$2.findElement(ElementLocation.java:165)
at org.openqa.selenium.remote.ElementLocation.findElement(ElementLocation.java:59)
at org.openqa.selenium.remote.RemoteWebDriver.findElement(RemoteWebDriver.java:356)
at org.openqa.selenium.remote.RemoteWebDriver.findElement(RemoteWebDriver.java:350)
at org.openqa.selenium.support.pagefactory.DefaultElementLocator.findElement(DefaultElementLocator.java:68)
at org.openqa.selenium.support.pagefactory.internal.LocatingElementHandler.invoke(LocatingElementHandler.java:38)
at jdk.proxy2/jdk.proxy2.$Proxy18.click(Unknown Source)
at live_functions.p_vehicleUser.addVehicleUser(p_vehicleUser.java:89)
at live_functions.A_testClass_dailyCheckPointList.addVehicleUserForStation06(A_testClass_dailyCheckPointList.java:647)
at java.base/java.util.ArrayList.forEach(ArrayList.java:1511)
... Removed 32 stack frames]]>
    </failure>
  </testcase> <!-- addVehicleUserForStation06 -->
  <testcase classname="live_functions.A_testClass_dailyCheckPointList" name="createNormalCheckList" time="32.391"/>
  <testcase classname="live_functions.A_testClass_dailyCheckPointList" name="createAlarmCheckList" time="32.122"/>
  <testcase classname="live_functions.A_testClass_dailyCheckPointList" name="createPermissionGroupDefaultStation" time="49.957"/>
  <testcase classname="live_functions.A_testClass_dailyCheckPointList" name="CreateAttributeForDepartment" time="19.481"/>
  <testcase classname="live_functions.A_testClass_dailyCheckPointList" name="addEventCategory" time="23.885"/>
  <testcase classname="live_functions.A_testClass_dailyCheckPointList" name="SendmessagetoARUsers" time="14.134"/>
  <testcase classname="live_functions.A_testClass_dailyCheckPointList" name="sendmessageToinfoUsers" time="11.1"/>
  <testcase classname="live_functions.A_testClass_dailyCheckPointList" name="sendmessageToinfoEventUsers" time="15.096"/>
  <testcase classname="live_functions.A_testClass_dailyCheckPointList" name="cretecalendarEventAttributeSchedule" time="28.188"/>
  <testcase classname="live_functions.A_testClass_dailyCheckPointList" name="cretecalendarEventResourceSchedule" time="27.935"/>
  <testcase classname="live_functions.A_testClass_dailyCheckPointList" name="cretecalendarEventFirefighterSchedule" time="30.372"/>
  <testcase classname="live_functions.A_testClass_dailyCheckPointList" name="detailsAboutScript" time="3.005"/>
  <testcase classname="live_functions.A_testClass_dailyCheckPointList" name="createNewStationMonitorUser" time="0.0">
    <ignored/>
  </testcase> <!-- createNewStationMonitorUser -->
  <testcase classname="live_functions.A_testClass_dailyCheckPointList" name="logInNewMonitorUser" time="0.0">
    <ignored/>
  </testcase> <!-- logInNewMonitorUser -->
  <testcase classname="live_functions.A_testClass_dailyCheckPointList" name="createManualAlarmByAttribute" time="0.0">
    <ignored/>
  </testcase> <!-- createManualAlarmByAttribute -->
  <testcase classname="live_functions.A_testClass_dailyCheckPointList" name="sendmessageToNewApiAlarmUser" time="0.0">
    <ignored/>
  </testcase> <!-- sendmessageToNewApiAlarmUser -->
  <testcase classname="live_functions.A_testClass_dailyCheckPointList" name="sendMessageChatGrouForNewStation" time="0.0">
    <ignored/>
  </testcase> <!-- sendMessageChatGrouForNewStation -->
  <testcase classname="live_functions.A_testClass_dailyCheckPointList" name="addResourceForNewStation" time="0.0">
    <ignored/>
  </testcase> <!-- addResourceForNewStation -->
  <testcase classname="live_functions.A_testClass_dailyCheckPointList" name="extendAlarmToSecondStation" time="0.0">
    <ignored/>
  </testcase> <!-- extendAlarmToSecondStation -->
  <testcase classname="live_functions.A_testClass_dailyCheckPointList" name="addFireStation" time="0.0">
    <ignored/>
  </testcase> <!-- addFireStation -->
  <testcase classname="live_functions.A_testClass_dailyCheckPointList" name="createMonitorUserForSt06" time="0.0">
    <ignored/>
  </testcase> <!-- createMonitorUserForSt06 -->
  <testcase classname="live_functions.A_testClass_dailyCheckPointList" name="ManulaAlarmRepeate" time="0.0">
    <ignored/>
  </testcase> <!-- ManulaAlarmRepeate -->
  <testcase classname="live_functions.A_testClass_dailyCheckPointList" name="createChatGrouForStation06Users" time="0.0">
    <ignored/>
  </testcase> <!-- createChatGrouForStation06Users -->
  <testcase classname="live_functions.A_testClass_dailyCheckPointList" name="manualAlarmEclation07to06" time="0.0">
    <ignored/>
  </testcase> <!-- manualAlarmEclation07to06 -->
  <testcase classname="live_functions.A_testClass_dailyCheckPointList" name="createStormAlarm" time="0.0">
    <ignored/>
  </testcase> <!-- createStormAlarm -->
  <testcase classname="live_functions.A_testClass_dailyCheckPointList" name="addMultyRoleUserForStation06" time="0.0">
    <ignored/>
  </testcase> <!-- addMultyRoleUserForStation06 -->
  <testcase classname="live_functions.A_testClass_dailyCheckPointList" name="sendmessageToApiAlarmUser" time="0.0">
    <ignored/>
  </testcase> <!-- sendmessageToApiAlarmUser -->
  <testcase classname="live_functions.A_testClass_dailyCheckPointList" name="extendLowPriorityAlarmFrom07To06ByAttribute" time="0.0">
    <ignored/>
  </testcase> <!-- extendLowPriorityAlarmFrom07To06ByAttribute -->
  <testcase classname="live_functions.A_testClass_dailyCheckPointList" name="createAlamLoop" time="0.0">
    <ignored/>
  </testcase> <!-- createAlamLoop -->
  <testcase classname="live_functions.A_testClass_dailyCheckPointList" name="lowPriorityAlarmWithEscalationResource" time="0.0">
    <ignored/>
  </testcase> <!-- lowPriorityAlarmWithEscalationResource -->
  <testcase classname="live_functions.A_testClass_dailyCheckPointList" name="createLowPriorityManualAlarmByResource" time="0.0">
    <ignored/>
  </testcase> <!-- createLowPriorityManualAlarmByResource -->
  <testcase classname="live_functions.A_testClass_dailyCheckPointList" name="sendmessageToAlarmUser" time="0.0">
    <ignored/>
  </testcase> <!-- sendmessageToAlarmUser -->
  <testcase classname="live_functions.A_testClass_dailyCheckPointList" name="createAlamTemplate" time="0.0">
    <ignored/>
  </testcase> <!-- createAlamTemplate -->
  <testcase classname="live_functions.A_testClass_dailyCheckPointList" name="createChatGrouForNewStation" time="0.0">
    <ignored/>
  </testcase> <!-- createChatGrouForNewStation -->
  <testcase classname="live_functions.A_testClass_dailyCheckPointList" name="createManualAlarmByResource" time="0.0">
    <ignored/>
  </testcase> <!-- createManualAlarmByResource -->
  <testcase classname="live_functions.A_testClass_dailyCheckPointList" name="createManualAlarmByNewFireighterForNewStation" time="0.0">
    <ignored/>
  </testcase> <!-- createManualAlarmByNewFireighterForNewStation -->
  <testcase classname="live_functions.A_testClass_dailyCheckPointList" name="time" time="0.0">
    <ignored/>
  </testcase> <!-- time -->
  <testcase classname="live_functions.A_testClass_dailyCheckPointList" name="createManualAlarmByEscalationResource" time="0.0">
    <ignored/>
  </testcase> <!-- createManualAlarmByEscalationResource -->
  <testcase classname="live_functions.A_testClass_dailyCheckPointList" name="createResource" time="0.0">
    <ignored/>
  </testcase> <!-- createResource -->
  <testcase classname="live_functions.A_testClass_dailyCheckPointList" name="createManualAlarmByFireFighte" time="0.0">
    <ignored/>
  </testcase> <!-- createManualAlarmByFireFighte -->
  <testcase classname="live_functions.A_testClass_dailyCheckPointList" name="extendAlarmFrom07To06ByAttribute" time="0.0">
    <ignored/>
  </testcase> <!-- extendAlarmFrom07To06ByAttribute -->
  <testcase classname="live_functions.A_testClass_dailyCheckPointList" name="createLowPriorityManualAlarmByAttribute" time="0.0">
    <ignored/>
  </testcase> <!-- createLowPriorityManualAlarmByAttribute -->
  <testcase classname="live_functions.A_testClass_dailyCheckPointList" name="createLowPriorityManualAlarmByEscalationResource" time="0.0">
    <ignored/>
  </testcase> <!-- createLowPriorityManualAlarmByEscalationResource -->
</testsuite> <!-- Test -->
