<?xml version="1.0" encoding="UTF-8"?>
<!-- Generated by org.testng.reporters.JUnitXMLReporter -->
<testsuite ignored="2" hostname="DESKTOP-T6L47BI" failures="0" tests="23" name="Test" time="401.423" errors="0" timestamp="2024-11-28T12:54:32 IST">
  <testcase classname="live_functions.AAA_testClass_delete" name="userDetails" time="0.005"/>
  <testcase classname="live_functions.AAA_testClass_delete" name="deactiveTestAlarmFromOverview" time="17.817"/>
  <testcase classname="live_functions.AAA_testClass_delete" name="deleteManualAlarm" time="14.454"/>
  <testcase classname="live_functions.AAA_testClass_delete" name="deleteTestAlarmFromOverview" time="14.482"/>
  <testcase classname="live_functions.AAA_testClass_delete" name="deleteTestAlarmFromList" time="13.78"/>
  <testcase classname="live_functions.AAA_testClass_delete" name="deleteInfoEvent" time="13.834"/>
  <testcase classname="live_functions.AAA_testClass_delete" name="deleteCalendarEventCreatedByAttribute" time="22.783"/>
  <testcase classname="live_functions.AAA_testClass_delete" name="deleteCalendarEventCreatedByResource" time="23.089"/>
  <testcase classname="live_functions.AAA_testClass_delete" name="deleteCalendarEventCreatedByFirefighter" time="22.208"/>
  <testcase classname="live_functions.AAA_testClass_delete" name="deleteARFromHistory" time="12.497"/>
  <testcase classname="live_functions.AAA_testClass_delete" name="deleteARFromList" time="10.919"/>
  <testcase classname="live_functions.AAA_testClass_delete" name="deleteChatGroup" time="15.205"/>
  <testcase classname="live_functions.AAA_testClass_delete" name="deleteCheckList" time="15.136"/>
  <testcase classname="live_functions.AAA_testClass_delete" name="deletePermissionGroup" time="15.104"/>
  <testcase classname="live_functions.AAA_testClass_delete" name="deleteAlarmLoop" time="16.062"/>
  <testcase classname="live_functions.AAA_testClass_delete" name="deleteUers" time="15.255"/>
  <testcase classname="live_functions.AAA_testClass_delete" name="deleteResource" time="12.945"/>
  <testcase classname="live_functions.AAA_testClass_delete" name="deleteAttribute" time="12.751"/>
  <testcase classname="live_functions.AAA_testClass_delete" name="deleteVehicleUser" time="16.02"/>
  <testcase classname="live_functions.AAA_testClass_delete" name="deleteFireStation" time="15.832"/>
  <testcase classname="live_functions.AAA_testClass_delete" name="deleteAlarmTemplate" time="15.066"/>
  <testcase classname="live_functions.AAA_testClass_delete" name="deleteEventCategory" time="19.297"/>
  <testcase classname="live_functions.AAA_testClass_delete" name="detailsAboutScript" time="0.001"/>
  <testcase classname="live_functions.AAA_testClass_delete" name="deleteMonitorUser" time="0.0">
    <ignored/>
  </testcase> <!-- deleteMonitorUser -->
  <testcase classname="live_functions.AAA_testClass_delete" name="deactiveManualAlarm" time="0.0">
    <ignored/>
  </testcase> <!-- deactiveManualAlarm -->
</testsuite> <!-- Test -->
