<?xml version="1.0" encoding="UTF-8"?>
<!-- Generated by org.testng.reporters.JUnitXMLReporter -->
<testsuite ignored="46" hostname="DESKTOP-T6L47BI" failures="0" tests="25" name="Test" time="933.653" errors="0" timestamp="2024-11-29T11:18:43 IST">
  <testcase classname="live_functions.A_testClass_dailyCheckPointList" name="userDetails" time="0.005"/>
  <testcase classname="live_functions.A_testClass_dailyCheckPointList" name="createManualAlarmByAttribute" time="40.851"/>
  <testcase classname="live_functions.A_testClass_dailyCheckPointList" name="createManualAlarmByResource" time="23.448"/>
  <testcase classname="live_functions.A_testClass_dailyCheckPointList" name="createManualAlarmByFireFighte" time="40.891"/>
  <testcase classname="live_functions.A_testClass_dailyCheckPointList" name="createManualAlarmByEscalationResource" time="21.897"/>
  <testcase classname="live_functions.A_testClass_dailyCheckPointList" name="createLowPriorityManualAlarmByAttribute" time="37.749"/>
  <testcase classname="live_functions.A_testClass_dailyCheckPointList" name="extendAlarmToSecondStation" time="25.418"/>
  <testcase classname="live_functions.A_testClass_dailyCheckPointList" name="createStormAlarm" time="29.863"/>
  <testcase classname="live_functions.A_testClass_dailyCheckPointList" name="extendAlarmFrom07To06ByAttribute" time="76.739"/>
  <testcase classname="live_functions.A_testClass_dailyCheckPointList" name="extendLowPriorityAlarmFrom07To06ByAttribute" time="73.457"/>
  <testcase classname="live_functions.A_testClass_dailyCheckPointList" name="lowPriorityAlarmWithEscalationResource" time="22.025"/>
  <testcase classname="live_functions.A_testClass_dailyCheckPointList" name="sendmessageToAlarmUser" time="48.09"/>
  <testcase classname="live_functions.A_testClass_dailyCheckPointList" name="createTestAlarmByAttributeOneTime" time="45.127"/>
  <testcase classname="live_functions.A_testClass_dailyCheckPointList" name="createInfoEventByAttributeSchedule" time="22.313"/>
  <testcase classname="live_functions.A_testClass_dailyCheckPointList" name="cretecalendarEventAttributeSchedule" time="25.318"/>
  <testcase classname="live_functions.A_testClass_dailyCheckPointList" name="createAvailabilityRequestSendImmediat" time="27.848"/>
  <testcase classname="live_functions.A_testClass_dailyCheckPointList" name="createInformationByAttribute" time="22.839"/>
  <testcase classname="live_functions.A_testClass_dailyCheckPointList" name="createInfoEventByAttribute" time="25.947"/>
  <testcase classname="live_functions.A_testClass_dailyCheckPointList" name="createChatgroupByAttribute" time="27.386"/>
  <testcase classname="live_functions.A_testClass_dailyCheckPointList" name="SendmessagetoARUsers" time="17.075"/>
  <testcase classname="live_functions.A_testClass_dailyCheckPointList" name="sendmessageToTestAlarmUsers" time="21.475"/>
  <testcase classname="live_functions.A_testClass_dailyCheckPointList" name="sendMessageChatGrouCreatedByAttribute" time="27.144"/>
  <testcase classname="live_functions.A_testClass_dailyCheckPointList" name="sendmessageToinfoUsers" time="17.925"/>
  <testcase classname="live_functions.A_testClass_dailyCheckPointList" name="sendmessageToinfoEventUsers" time="32.309"/>
  <testcase classname="live_functions.A_testClass_dailyCheckPointList" name="detailsAboutScript" time="3.011"/>
  <testcase classname="live_functions.A_testClass_dailyCheckPointList" name="addFireStation" time="0.0">
    <ignored/>
  </testcase> <!-- addFireStation -->
  <testcase classname="live_functions.A_testClass_dailyCheckPointList" name="logInNewMonitorUser" time="0.0">
    <ignored/>
  </testcase> <!-- logInNewMonitorUser -->
  <testcase classname="live_functions.A_testClass_dailyCheckPointList" name="createResource" time="0.0">
    <ignored/>
  </testcase> <!-- createResource -->
  <testcase classname="live_functions.A_testClass_dailyCheckPointList" name="sendMessageChatGrouCreatedByFirefighter" time="0.0">
    <ignored/>
  </testcase> <!-- sendMessageChatGrouCreatedByFirefighter -->
  <testcase classname="live_functions.A_testClass_dailyCheckPointList" name="cretecalendarEventResourceSchedule" time="0.0">
    <ignored/>
  </testcase> <!-- cretecalendarEventResourceSchedule -->
  <testcase classname="live_functions.A_testClass_dailyCheckPointList" name="addStationUserForStation06" time="0.0">
    <ignored/>
  </testcase> <!-- addStationUserForStation06 -->
  <testcase classname="live_functions.A_testClass_dailyCheckPointList" name="createAvailabilityRequestSendMultipleDays" time="0.0">
    <ignored/>
  </testcase> <!-- createAvailabilityRequestSendMultipleDays -->
  <testcase classname="live_functions.A_testClass_dailyCheckPointList" name="createInformationByResource" time="0.0">
    <ignored/>
  </testcase> <!-- createInformationByResource -->
  <testcase classname="live_functions.A_testClass_dailyCheckPointList" name="createNewStationMonitorUser" time="0.0">
    <ignored/>
  </testcase> <!-- createNewStationMonitorUser -->
  <testcase classname="live_functions.A_testClass_dailyCheckPointList" name="createLowPriorityManualAlarmByEscalationResource" time="0.0">
    <ignored/>
  </testcase> <!-- createLowPriorityManualAlarmByEscalationResource -->
  <testcase classname="live_functions.A_testClass_dailyCheckPointList" name="createAlamLoop" time="0.0">
    <ignored/>
  </testcase> <!-- createAlamLoop -->
  <testcase classname="live_functions.A_testClass_dailyCheckPointList" name="createTestAlarmByAttributeRecursiveWeekly" time="0.0">
    <ignored/>
  </testcase> <!-- createTestAlarmByAttributeRecursiveWeekly -->
  <testcase classname="live_functions.A_testClass_dailyCheckPointList" name="addEventCategory" time="0.0">
    <ignored/>
  </testcase> <!-- addEventCategory -->
  <testcase classname="live_functions.A_testClass_dailyCheckPointList" name="createChatgroupByAlarmloop" time="0.0">
    <ignored/>
  </testcase> <!-- createChatgroupByAlarmloop -->
  <testcase classname="live_functions.A_testClass_dailyCheckPointList" name="sendMessageChatGrouForNewStation" time="0.0">
    <ignored/>
  </testcase> <!-- sendMessageChatGrouForNewStation -->
  <testcase classname="live_functions.A_testClass_dailyCheckPointList" name="createTestAlarmByAttributeRecursivedaily" time="0.0">
    <ignored/>
  </testcase> <!-- createTestAlarmByAttributeRecursivedaily -->
  <testcase classname="live_functions.A_testClass_dailyCheckPointList" name="createAlamTemplate" time="0.0">
    <ignored/>
  </testcase> <!-- createAlamTemplate -->
  <testcase classname="live_functions.A_testClass_dailyCheckPointList" name="cretecalendarEventFirefighterSchedule" time="0.0">
    <ignored/>
  </testcase> <!-- cretecalendarEventFirefighterSchedule -->
  <testcase classname="live_functions.A_testClass_dailyCheckPointList" name="createMonitorUserForSt06" time="0.0">
    <ignored/>
  </testcase> <!-- createMonitorUserForSt06 -->
  <testcase classname="live_functions.A_testClass_dailyCheckPointList" name="sendMessageChatGrouCreatedByResource" time="0.0">
    <ignored/>
  </testcase> <!-- sendMessageChatGrouCreatedByResource -->
  <testcase classname="live_functions.A_testClass_dailyCheckPointList" name="testAlarmByRecursiveMonthlyDayWise" time="0.0">
    <ignored/>
  </testcase> <!-- testAlarmByRecursiveMonthlyDayWise -->
  <testcase classname="live_functions.A_testClass_dailyCheckPointList" name="time" time="0.0">
    <ignored/>
  </testcase> <!-- time -->
  <testcase classname="live_functions.A_testClass_dailyCheckPointList" name="createManualAlarmByNewFireighterForNewStation" time="0.0">
    <ignored/>
  </testcase> <!-- createManualAlarmByNewFireighterForNewStation -->
  <testcase classname="live_functions.A_testClass_dailyCheckPointList" name="createMonitorInformation01" time="0.0">
    <ignored/>
  </testcase> <!-- createMonitorInformation01 -->
  <testcase classname="live_functions.A_testClass_dailyCheckPointList" name="createAvailabilityRequestSendSchedule" time="0.0">
    <ignored/>
  </testcase> <!-- createAvailabilityRequestSendSchedule -->
  <testcase classname="live_functions.A_testClass_dailyCheckPointList" name="addVehicleUserForStation06" time="0.0">
    <ignored/>
  </testcase> <!-- addVehicleUserForStation06 -->
  <testcase classname="live_functions.A_testClass_dailyCheckPointList" name="createChatgroupByResource" time="0.0">
    <ignored/>
  </testcase> <!-- createChatgroupByResource -->
  <testcase classname="live_functions.A_testClass_dailyCheckPointList" name="addFirefighterForNewStation06" time="0.0">
    <ignored/>
  </testcase> <!-- addFirefighterForNewStation06 -->
  <testcase classname="live_functions.A_testClass_dailyCheckPointList" name="createNormalCheckList" time="0.0">
    <ignored/>
  </testcase> <!-- createNormalCheckList -->
  <testcase classname="live_functions.A_testClass_dailyCheckPointList" name="createTestAlarmByAttributeRecursiveMontlyDateWise" time="0.0">
    <ignored/>
  </testcase> <!-- createTestAlarmByAttributeRecursiveMontlyDateWise -->
  <testcase classname="live_functions.A_testClass_dailyCheckPointList" name="CreateAttributeForDepartment" time="0.0">
    <ignored/>
  </testcase> <!-- CreateAttributeForDepartment -->
  <testcase classname="live_functions.A_testClass_dailyCheckPointList" name="createAvailabilityRequestSendRecursive" time="0.0">
    <ignored/>
  </testcase> <!-- createAvailabilityRequestSendRecursive -->
  <testcase classname="live_functions.A_testClass_dailyCheckPointList" name="sendMessageChatGrouCreatedByAlarmLoop" time="0.0">
    <ignored/>
  </testcase> <!-- sendMessageChatGrouCreatedByAlarmLoop -->
  <testcase classname="live_functions.A_testClass_dailyCheckPointList" name="createInfoEventByFighterSchedule" time="0.0">
    <ignored/>
  </testcase> <!-- createInfoEventByFighterSchedule -->
  <testcase classname="live_functions.A_testClass_dailyCheckPointList" name="addResourceForNewStation" time="0.0">
    <ignored/>
  </testcase> <!-- addResourceForNewStation -->
  <testcase classname="live_functions.A_testClass_dailyCheckPointList" name="createAlarmCheckList" time="0.0">
    <ignored/>
  </testcase> <!-- createAlarmCheckList -->
  <testcase classname="live_functions.A_testClass_dailyCheckPointList" name="createInfoEventByResource" time="0.0">
    <ignored/>
  </testcase> <!-- createInfoEventByResource -->
  <testcase classname="live_functions.A_testClass_dailyCheckPointList" name="createPermissionGroupDefaultStation" time="0.0">
    <ignored/>
  </testcase> <!-- createPermissionGroupDefaultStation -->
  <testcase classname="live_functions.A_testClass_dailyCheckPointList" name="createChatgroupByFirefighter" time="0.0">
    <ignored/>
  </testcase> <!-- createChatgroupByFirefighter -->
  <testcase classname="live_functions.A_testClass_dailyCheckPointList" name="createChatGrouForNewStation" time="0.0">
    <ignored/>
  </testcase> <!-- createChatGrouForNewStation -->
  <testcase classname="live_functions.A_testClass_dailyCheckPointList" name="createMonitorInformation02" time="0.0">
    <ignored/>
  </testcase> <!-- createMonitorInformation02 -->
  <testcase classname="live_functions.A_testClass_dailyCheckPointList" name="createChatGrouForStation06Users" time="0.0">
    <ignored/>
  </testcase> <!-- createChatGrouForStation06Users -->
  <testcase classname="live_functions.A_testClass_dailyCheckPointList" name="createInfoEventByFirefighter" time="0.0">
    <ignored/>
  </testcase> <!-- createInfoEventByFirefighter -->
  <testcase classname="live_functions.A_testClass_dailyCheckPointList" name="createInfoEventByResourceSchedule" time="0.0">
    <ignored/>
  </testcase> <!-- createInfoEventByResourceSchedule -->
  <testcase classname="live_functions.A_testClass_dailyCheckPointList" name="createInformationByFirefighter" time="0.0">
    <ignored/>
  </testcase> <!-- createInformationByFirefighter -->
  <testcase classname="live_functions.A_testClass_dailyCheckPointList" name="ManulaAlarmRepeate" time="0.0">
    <ignored/>
  </testcase> <!-- ManulaAlarmRepeate -->
</testsuite> <!-- Test -->
