<?xml version="1.0" encoding="UTF-8"?>
<!-- Generated by org.testng.reporters.JUnitXMLReporter -->
<testsuite ignored="23" hostname="DESKTOP-T6L47BI" failures="1" tests="2" name="Test(failed)" time="170.548" errors="0" timestamp="2024-12-02T16:17:33 IST">
  <testcase classname="live_functions.AAA_testClass_delete" name="deleteAlarmLoop" time="16.066"/>
  <testcase classname="live_functions.AAA_testClass_delete" name="deleteAlarmTemplate" time="11.196">
    <failure type="org.openqa.selenium.ElementNotInteractableException" message="element not interactable
  (Session info: chrome=131.0.6778.86)
Build info: version: &amp;apos;4.17.0&amp;apos;, revision: &amp;apos;e52b1be057*&amp;apos;
System info: os.name: &amp;apos;Windows 11&amp;apos;, os.arch: &amp;apos;amd64&amp;apos;, os.version: &amp;apos;10.0&amp;apos;, java.version: &amp;apos;17.0.9&amp;apos;
Driver info: org.openqa.selenium.chrome.ChromeDriver
Command: [aca55b5112dea889b7daae8fcb4a72dc, clickElement {id=f.135196E58110BE1D6F0540FAF172416A.d.5A636DA2E035DA147B82DAC91BC4CBE0.e.9131}]
Capabilities {acceptInsecureCerts: false, browserName: chrome, browserVersion: 131.0.6778.86, chrome: {chromedriverVersion: 131.0.6778.85 (3d81e41b6f3a..., userDataDir: C:\Users\BHUPESH\AppData\Lo...}, fedcm:accounts: true, goog:chromeOptions: {debuggerAddress: localhost:58108}, networkConnectionEnabled: false, pageLoadStrategy: normal, platformName: windows, proxy: Proxy(), se:cdp: ws://localhost:58108/devtoo..., se:cdpVersion: 131.0.6778.86, setWindowRect: true, strictFileInteractability: false, timeouts: {implicit: 0, pageLoad: 300000, script: 30000}, unhandledPromptBehavior: dismiss and notify, webauthn:extension:credBlob: true, webauthn:extension:largeBlob: true, webauthn:extension:minPinLength: true, webauthn:extension:prf: true, webauthn:virtualAuthenticators: true}
Element: [[ChromeDriver: chrome on windows (aca55b5112dea889b7daae8fcb4a72dc)] -&amp;gt; xpath: //a[@href=&amp;quot;http://live.retteralarm.de/admin/AlarmTemplates/list&amp;quot;]]
Session ID: aca55b5112dea889b7daae8fcb4a72dc">
      <![CDATA[org.openqa.selenium.ElementNotInteractableException: element not interactable
  (Session info: chrome=131.0.6778.86)
Build info: version: '4.17.0', revision: 'e52b1be057*'
System info: os.name: 'Windows 11', os.arch: 'amd64', os.version: '10.0', java.version: '17.0.9'
Driver info: org.openqa.selenium.chrome.ChromeDriver
Command: [aca55b5112dea889b7daae8fcb4a72dc, clickElement {id=f.135196E58110BE1D6F0540FAF172416A.d.5A636DA2E035DA147B82DAC91BC4CBE0.e.9131}]
Capabilities {acceptInsecureCerts: false, browserName: chrome, browserVersion: 131.0.6778.86, chrome: {chromedriverVersion: 131.0.6778.85 (3d81e41b6f3a..., userDataDir: C:\Users\BHUPESH\AppData\Lo...}, fedcm:accounts: true, goog:chromeOptions: {debuggerAddress: localhost:58108}, networkConnectionEnabled: false, pageLoadStrategy: normal, platformName: windows, proxy: Proxy(), se:cdp: ws://localhost:58108/devtoo..., se:cdpVersion: 131.0.6778.86, setWindowRect: true, strictFileInteractability: false, timeouts: {implicit: 0, pageLoad: 300000, script: 30000}, unhandledPromptBehavior: dismiss and notify, webauthn:extension:credBlob: true, webauthn:extension:largeBlob: true, webauthn:extension:minPinLength: true, webauthn:extension:prf: true, webauthn:virtualAuthenticators: true}
Element: [[ChromeDriver: chrome on windows (aca55b5112dea889b7daae8fcb4a72dc)] -> xpath: //a[@href="http://live.retteralarm.de/admin/AlarmTemplates/list"]]
Session ID: aca55b5112dea889b7daae8fcb4a72dc
at org.openqa.selenium.remote.codec.w3c.W3CHttpResponseCodec.createException(W3CHttpResponseCodec.java:185)
at org.openqa.selenium.remote.codec.w3c.W3CHttpResponseCodec.decode(W3CHttpResponseCodec.java:134)
at org.openqa.selenium.remote.codec.w3c.W3CHttpResponseCodec.decode(W3CHttpResponseCodec.java:51)
at org.openqa.selenium.remote.HttpCommandExecutor.execute(HttpCommandExecutor.java:190)
at org.openqa.selenium.remote.service.DriverCommandExecutor.invokeExecute(DriverCommandExecutor.java:216)
at org.openqa.selenium.remote.service.DriverCommandExecutor.execute(DriverCommandExecutor.java:174)
at org.openqa.selenium.remote.RemoteWebDriver.execute(RemoteWebDriver.java:519)
at org.openqa.selenium.remote.RemoteWebElement.execute(RemoteWebElement.java:223)
at org.openqa.selenium.remote.RemoteWebElement.click(RemoteWebElement.java:76)
at org.openqa.selenium.support.pagefactory.internal.LocatingElementHandler.invoke(LocatingElementHandler.java:51)
at jdk.proxy2/jdk.proxy2.$Proxy14.click(Unknown Source)
at live_functions.s_alarmTemplate.commonForAlarmTemplate(s_alarmTemplate.java:81)
at live_functions.AAA_testClass_delete.deleteAlarmTemplate(AAA_testClass_delete.java:153)
at java.base/java.util.ArrayList.forEach(ArrayList.java:1511)
... Removed 36 stack frames]]>
    </failure>
  </testcase> <!-- deleteAlarmTemplate -->
  <testcase classname="live_functions.AAA_testClass_delete" name="deleteCalendarEventCreatedByResource" time="0.0">
    <ignored/>
  </testcase> <!-- deleteCalendarEventCreatedByResource -->
  <testcase classname="live_functions.AAA_testClass_delete" name="deleteCheckList" time="0.0">
    <ignored/>
  </testcase> <!-- deleteCheckList -->
  <testcase classname="live_functions.AAA_testClass_delete" name="userDetails" time="0.0">
    <ignored/>
  </testcase> <!-- userDetails -->
  <testcase classname="live_functions.AAA_testClass_delete" name="deleteEventCategory" time="0.0">
    <ignored/>
  </testcase> <!-- deleteEventCategory -->
  <testcase classname="live_functions.AAA_testClass_delete" name="deleteResource" time="0.0">
    <ignored/>
  </testcase> <!-- deleteResource -->
  <testcase classname="live_functions.AAA_testClass_delete" name="deleteTestAlarmFromList" time="0.0">
    <ignored/>
  </testcase> <!-- deleteTestAlarmFromList -->
  <testcase classname="live_functions.AAA_testClass_delete" name="deactiveTestAlarmFromOverview" time="0.0">
    <ignored/>
  </testcase> <!-- deactiveTestAlarmFromOverview -->
  <testcase classname="live_functions.AAA_testClass_delete" name="deleteTestAlarmFromOverview" time="0.0">
    <ignored/>
  </testcase> <!-- deleteTestAlarmFromOverview -->
  <testcase classname="live_functions.AAA_testClass_delete" name="deletePermissionGroup" time="0.0">
    <ignored/>
  </testcase> <!-- deletePermissionGroup -->
  <testcase classname="live_functions.AAA_testClass_delete" name="deleteCalendarEventCreatedByAttribute" time="0.0">
    <ignored/>
  </testcase> <!-- deleteCalendarEventCreatedByAttribute -->
  <testcase classname="live_functions.AAA_testClass_delete" name="deleteMonitorUser" time="0.0">
    <ignored/>
  </testcase> <!-- deleteMonitorUser -->
  <testcase classname="live_functions.AAA_testClass_delete" name="detailsAboutScript" time="0.0">
    <ignored/>
  </testcase> <!-- detailsAboutScript -->
  <testcase classname="live_functions.AAA_testClass_delete" name="deleteARFromList" time="0.0">
    <ignored/>
  </testcase> <!-- deleteARFromList -->
  <testcase classname="live_functions.AAA_testClass_delete" name="deleteUers" time="0.0">
    <ignored/>
  </testcase> <!-- deleteUers -->
  <testcase classname="live_functions.AAA_testClass_delete" name="deleteAttribute" time="0.0">
    <ignored/>
  </testcase> <!-- deleteAttribute -->
  <testcase classname="live_functions.AAA_testClass_delete" name="deleteChatGroup" time="0.0">
    <ignored/>
  </testcase> <!-- deleteChatGroup -->
  <testcase classname="live_functions.AAA_testClass_delete" name="deleteInfoEvent" time="0.0">
    <ignored/>
  </testcase> <!-- deleteInfoEvent -->
  <testcase classname="live_functions.AAA_testClass_delete" name="deleteCalendarEventCreatedByFirefighter" time="0.0">
    <ignored/>
  </testcase> <!-- deleteCalendarEventCreatedByFirefighter -->
  <testcase classname="live_functions.AAA_testClass_delete" name="deleteARFromHistory" time="0.0">
    <ignored/>
  </testcase> <!-- deleteARFromHistory -->
  <testcase classname="live_functions.AAA_testClass_delete" name="deleteFireStation" time="0.0">
    <ignored/>
  </testcase> <!-- deleteFireStation -->
  <testcase classname="live_functions.AAA_testClass_delete" name="deactiveManualAlarm" time="0.0">
    <ignored/>
  </testcase> <!-- deactiveManualAlarm -->
  <testcase classname="live_functions.AAA_testClass_delete" name="deleteVehicleUser" time="0.0">
    <ignored/>
  </testcase> <!-- deleteVehicleUser -->
  <testcase classname="live_functions.AAA_testClass_delete" name="deleteManualAlarm" time="0.0">
    <ignored/>
  </testcase> <!-- deleteManualAlarm -->
</testsuite> <!-- Test(failed) -->
