<?xml version="1.0" encoding="UTF-8"?>
<testng-results ignored="0" total="3" passed="3" failed="0" skipped="0">
  <reporter-output>
    <line>
      <![CDATA[Hello, Daily check point checking process of 1 has started.-20.03.2025>08:32]]>
    </line>
    <line>
      <![CDATA[ ]]>
    </line>
    <line>
      <![CDATA[Todays is 3 Thursday of this month.]]>
    </line>
    <line>
      <![CDATA[ ]]>
    </line>
    <line>
      <![CDATA[ ]]>
    </line>
    <line>
      <![CDATA[Department user # 6039-DE-andrew-deptu-2 # log in sucessfully]]>
    </line>
    <line>
      <![CDATA[ ]]>
    </line>
    <line>
      <![CDATA[ ]]>
    </line>
    <line>
      <![CDATA[The process of creating manual alarm to escalate from station 07 to 06  is started.]]>
    </line>
    <line>
      <![CDATA[The process of creating manual alarm to escalate from station 07 to 06 is complete.]]>
    </line>
    <line>
      <![CDATA[ ]]>
    </line>
    <line>
      <![CDATA[ ]]>
    </line>
    <line>
      <![CDATA[Login  date-20.03.2025 & login  time -08:32]]>
    </line>
    <line>
      <![CDATA[Logout date-20-03-2025 & logout time -08:33]]>
    </line>
    <line>
      <![CDATA[ ]]>
    </line>
    <line>
      <![CDATA[Logout sucessfully.]]>
    </line>
    <line>
      <![CDATA[ ]]>
    </line>
    <line>
      <![CDATA[Refresh the URL before successfully closing the browser.]]>
    </line>
    <line>
      <![CDATA[Browser close sucessfully.]]>
    </line>
    <line>
      <![CDATA[ ]]>
    </line>
  </reporter-output>
  <suite started-at="2025-03-20T13:02:23 IST" name="Suite" finished-at="2025-03-20T13:03:18 IST" duration-ms="55424">
    <groups>
    </groups>
    <test started-at="2025-03-20T13:02:23 IST" name="Test" finished-at="2025-03-20T13:03:18 IST" duration-ms="55424">
      <class name="live_functions.A_testClass_dailyCheckPointList">
        <test-method is-config="true" signature="BeforeSuite()[pri:0, instance:live_functions.A_testClass_dailyCheckPointList@402c4085]" started-at="2025-03-20T13:02:15 IST" name="BeforeSuite" finished-at="2025-03-20T13:02:23 IST" duration-ms="8214" status="PASS">
          <reporter-output>
          </reporter-output>
        </test-method> <!-- BeforeSuite -->
        <test-method is-config="true" signature="BeforeTest()[pri:0, instance:live_functions.A_testClass_dailyCheckPointList@402c4085]" started-at="2025-03-20T13:02:23 IST" name="BeforeTest" finished-at="2025-03-20T13:02:28 IST" duration-ms="4612" status="PASS">
          <reporter-output>
          </reporter-output>
        </test-method> <!-- BeforeTest -->
        <test-method is-config="true" signature="lounchBrowser()[pri:0, instance:live_functions.A_testClass_dailyCheckPointList@402c4085]" started-at="2025-03-20T13:02:28 IST" name="lounchBrowser" finished-at="2025-03-20T13:02:28 IST" duration-ms="135" status="PASS">
          <reporter-output>
            <line>
              <![CDATA[Hello, Daily check point checking process of 1 has started.-20.03.2025>08:32]]>
            </line>
            <line>
              <![CDATA[ ]]>
            </line>
            <line>
              <![CDATA[Todays is 3 Thursday of this month.]]>
            </line>
            <line>
              <![CDATA[ ]]>
            </line>
          </reporter-output>
        </test-method> <!-- lounchBrowser -->
        <test-method is-config="true" signature="backToHomePage()[pri:0, instance:live_functions.A_testClass_dailyCheckPointList@402c4085]" started-at="2025-03-20T13:02:28 IST" name="backToHomePage" finished-at="2025-03-20T13:02:33 IST" duration-ms="4897" status="PASS">
          <reporter-output>
          </reporter-output>
        </test-method> <!-- backToHomePage -->
        <test-method signature="userDetails()[pri:0, instance:live_functions.A_testClass_dailyCheckPointList@402c4085]" started-at="2025-03-20T13:02:33 IST" name="userDetails" finished-at="2025-03-20T13:02:33 IST" duration-ms="6" status="PASS">
          <reporter-output>
            <line>
              <![CDATA[ ]]>
            </line>
            <line>
              <![CDATA[Department user # 6039-DE-andrew-deptu-2 # log in sucessfully]]>
            </line>
            <line>
              <![CDATA[ ]]>
            </line>
          </reporter-output>
        </test-method> <!-- userDetails -->
        <test-method is-config="true" signature="backToHomePage2()[pri:0, instance:live_functions.A_testClass_dailyCheckPointList@402c4085]" started-at="2025-03-20T13:02:33 IST" name="backToHomePage2" finished-at="2025-03-20T13:02:35 IST" duration-ms="2743" status="PASS">
          <reporter-output>
          </reporter-output>
        </test-method> <!-- backToHomePage2 -->
        <test-method is-config="true" signature="backToHomePage()[pri:0, instance:live_functions.A_testClass_dailyCheckPointList@402c4085]" started-at="2025-03-20T13:02:35 IST" name="backToHomePage" finished-at="2025-03-20T13:02:38 IST" duration-ms="2899" status="PASS">
          <reporter-output>
          </reporter-output>
        </test-method> <!-- backToHomePage -->
        <test-method signature="manualAlarmEclation07to06()[pri:0, instance:live_functions.A_testClass_dailyCheckPointList@402c4085]" started-at="2025-03-20T13:02:38 IST" name="manualAlarmEclation07to06" finished-at="2025-03-20T13:03:03 IST" duration-ms="25199" status="PASS">
          <reporter-output>
            <line>
              <![CDATA[ ]]>
            </line>
            <line>
              <![CDATA[The process of creating manual alarm to escalate from station 07 to 06  is started.]]>
            </line>
            <line>
              <![CDATA[The process of creating manual alarm to escalate from station 07 to 06 is complete.]]>
            </line>
            <line>
              <![CDATA[ ]]>
            </line>
          </reporter-output>
        </test-method> <!-- manualAlarmEclation07to06 -->
        <test-method is-config="true" signature="backToHomePage2()[pri:0, instance:live_functions.A_testClass_dailyCheckPointList@402c4085]" started-at="2025-03-20T13:03:03 IST" name="backToHomePage2" finished-at="2025-03-20T13:03:05 IST" duration-ms="1772" status="PASS">
          <reporter-output>
          </reporter-output>
        </test-method> <!-- backToHomePage2 -->
        <test-method is-config="true" signature="backToHomePage()[pri:0, instance:live_functions.A_testClass_dailyCheckPointList@402c4085]" started-at="2025-03-20T13:03:05 IST" name="backToHomePage" finished-at="2025-03-20T13:03:08 IST" duration-ms="3179" status="PASS">
          <reporter-output>
          </reporter-output>
        </test-method> <!-- backToHomePage -->
        <test-method signature="detailsAboutScript()[pri:0, instance:live_functions.A_testClass_dailyCheckPointList@402c4085]" started-at="2025-03-20T13:03:08 IST" name="detailsAboutScript" finished-at="2025-03-20T13:03:11 IST" duration-ms="3002" status="PASS">
          <reporter-output>
            <line>
              <![CDATA[ ]]>
            </line>
            <line>
              <![CDATA[Login  date-20.03.2025 & login  time -08:32]]>
            </line>
            <line>
              <![CDATA[Logout date-20-03-2025 & logout time -08:33]]>
            </line>
            <line>
              <![CDATA[ ]]>
            </line>
          </reporter-output>
        </test-method> <!-- detailsAboutScript -->
        <test-method is-config="true" signature="backToHomePage2()[pri:0, instance:live_functions.A_testClass_dailyCheckPointList@402c4085]" started-at="2025-03-20T13:03:11 IST" name="backToHomePage2" finished-at="2025-03-20T13:03:13 IST" duration-ms="1790" status="PASS">
          <reporter-output>
          </reporter-output>
        </test-method> <!-- backToHomePage2 -->
        <test-method is-config="true" signature="logOut()[pri:0, instance:live_functions.A_testClass_dailyCheckPointList@402c4085]" started-at="2025-03-20T13:03:13 IST" name="logOut" finished-at="2025-03-20T13:03:18 IST" duration-ms="4871" status="PASS">
          <reporter-output>
            <line>
              <![CDATA[Logout sucessfully.]]>
            </line>
            <line>
              <![CDATA[ ]]>
            </line>
          </reporter-output>
        </test-method> <!-- logOut -->
        <test-method is-config="true" signature="AfterTest()[pri:0, instance:live_functions.A_testClass_dailyCheckPointList@402c4085]" started-at="2025-03-20T13:03:18 IST" name="AfterTest" finished-at="2025-03-20T13:03:18 IST" duration-ms="286" status="PASS">
          <reporter-output>
            <line>
              <![CDATA[Refresh the URL before successfully closing the browser.]]>
            </line>
          </reporter-output>
        </test-method> <!-- AfterTest -->
        <test-method is-config="true" signature="AfterSute()[pri:0, instance:live_functions.A_testClass_dailyCheckPointList@402c4085]" started-at="2025-03-20T13:03:18 IST" name="AfterSute" finished-at="2025-03-20T13:03:19 IST" duration-ms="214" status="PASS">
          <reporter-output>
            <line>
              <![CDATA[Browser close sucessfully.]]>
            </line>
            <line>
              <![CDATA[ ]]>
            </line>
          </reporter-output>
        </test-method> <!-- AfterSute -->
      </class> <!-- live_functions.A_testClass_dailyCheckPointList -->
    </test> <!-- Test -->
  </suite> <!-- Suite -->
</testng-results>
